[ 2015-08-24T17:02:05+08:00 ] 127.0.0.1 /
INFO: [ app_begin ] --START--
INFO: ReadHtmlCache Behavior ::run [ RunTime:0.011667s ]
INFO: [ app_begin ] --END-- [ RunTime:0.011814s ]
INFO: [ view_parse ] --START--
NOTIC: [8] Undefined index: authnum_session C:\wamp\www\thinkphp\Home\Runtime\Cache\7e4848229090366086cc7eeb3bfc0798.php 第 2 行.
INFO: ParseTemplate Behavior ::run [ RunTime:0.092650s ]
INFO: [ view_parse ] --END-- [ RunTime:0.092773s ]
INFO: [ view_filter ] --START--
INFO: ContentReplace Behavior ::run [ RunTime:0.018043s ]
INFO: TokenBuild Behavior ::run [ RunTime:0.001246s ]
INFO: WriteHtmlCache Behavior ::run [ RunTime:0.001022s ]
INFO: ShowRuntime Behavior ::run [ RunTime:0.001126s ]
INFO: [ view_filter ] --END-- [ RunTime:0.021749s ]
INFO: [ view_end ] --START--
INFO: ShowPageTrace Behavior ::run [ RunTime:0.001135s ]
INFO: [ view_end ] --END-- [ RunTime:0.001235s ]

[ 2015-08-24T17:02:05+08:00 ] 127.0.0.1 /Code
INFO: [ route_check ] --START--
INFO: CheckRoute Behavior ::run [ RunTime:0.070088s ]
INFO: [ route_check ] --END-- [ RunTime:0.070211s ]
INFO: [ app_begin ] --START--
INFO: ReadHtmlCache Behavior ::run [ RunTime:0.000749s ]
INFO: [ app_begin ] --END-- [ RunTime:0.000844s ]

[ 2015-08-24T17:02:30+08:00 ] 127.0.0.1 /
INFO: [ app_begin ] --START--
INFO: ReadHtmlCache Behavior ::run [ RunTime:0.000740s ]
INFO: [ app_begin ] --END-- [ RunTime:0.000854s ]
INFO: [ view_parse ] --START--
INFO: ParseTemplate Behavior ::run [ RunTime:0.007364s ]
INFO: [ view_parse ] --END-- [ RunTime:0.007492s ]
INFO: [ view_filter ] --START--
INFO: ContentReplace Behavior ::run [ RunTime:0.000694s ]
INFO: TokenBuild Behavior ::run [ RunTime:0.000534s ]
INFO: WriteHtmlCache Behavior ::run [ RunTime:0.000395s ]
INFO: ShowRuntime Behavior ::run [ RunTime:0.000614s ]
INFO: [ view_filter ] --END-- [ RunTime:0.002502s ]
INFO: [ view_end ] --START--
INFO: ShowPageTrace Behavior ::run [ RunTime:0.000748s ]
INFO: [ view_end ] --END-- [ RunTime:0.000836s ]

[ 2015-08-24T17:02:30+08:00 ] 127.0.0.1 /Code
INFO: [ route_check ] --START--
INFO: CheckRoute Behavior ::run [ RunTime:0.000791s ]
INFO: [ route_check ] --END-- [ RunTime:0.000896s ]
INFO: [ app_begin ] --START--
INFO: ReadHtmlCache Behavior ::run [ RunTime:0.000625s ]
INFO: [ app_begin ] --END-- [ RunTime:0.000714s ]

[ 2015-08-24T17:04:17+08:00 ] 127.0.0.1 /
INFO: [ app_begin ] --START--
INFO: ReadHtmlCache Behavior ::run [ RunTime:0.001177s ]
INFO: [ app_begin ] --END-- [ RunTime:0.001323s ]
INFO: [ view_parse ] --START--
INFO: ParseTemplate Behavior ::run [ RunTime:0.008582s ]
INFO: [ view_parse ] --END-- [ RunTime:0.008699s ]
INFO: [ view_filter ] --START--
INFO: ContentReplace Behavior ::run [ RunTime:0.000656s ]
INFO: TokenBuild Behavior ::run [ RunTime:0.000698s ]
INFO: WriteHtmlCache Behavior ::run [ RunTime:0.000611s ]
INFO: ShowRuntime Behavior ::run [ RunTime:0.000815s ]
INFO: [ view_filter ] --END-- [ RunTime:0.003036s ]
INFO: [ view_end ] --START--
INFO: ShowPageTrace Behavior ::run [ RunTime:0.001000s ]
INFO: [ view_end ] --END-- [ RunTime:0.001116s ]

[ 2015-08-24T17:04:17+08:00 ] 127.0.0.1 /Code
INFO: [ route_check ] --START--
INFO: CheckRoute Behavior ::run [ RunTime:0.001015s ]
INFO: [ route_check ] --END-- [ RunTime:0.001123s ]
INFO: [ app_begin ] --START--
INFO: ReadHtmlCache Behavior ::run [ RunTime:0.000641s ]
INFO: [ app_begin ] --END-- [ RunTime:0.000727s ]

[ 2015-08-24T17:04:17+08:00 ] 127.0.0.1 /
INFO: [ app_begin ] --START--
INFO: ReadHtmlCache Behavior ::run [ RunTime:0.000730s ]
INFO: [ app_begin ] --END-- [ RunTime:0.000867s ]
INFO: [ view_parse ] --START--
INFO: ParseTemplate Behavior ::run [ RunTime:0.007546s ]
INFO: [ view_parse ] --END-- [ RunTime:0.007700s ]
INFO: [ view_filter ] --START--
INFO: ContentReplace Behavior ::run [ RunTime:0.000681s ]
INFO: TokenBuild Behavior ::run [ RunTime:0.000471s ]
INFO: WriteHtmlCache Behavior ::run [ RunTime:0.000451s ]
INFO: ShowRuntime Behavior ::run [ RunTime:0.000592s ]
INFO: [ view_filter ] --END-- [ RunTime:0.002474s ]
INFO: [ view_end ] --START--
INFO: ShowPageTrace Behavior ::run [ RunTime:0.000688s ]
INFO: [ view_end ] --END-- [ RunTime:0.000800s ]

[ 2015-08-24T17:04:18+08:00 ] 127.0.0.1 /Code
INFO: [ route_check ] --START--
INFO: CheckRoute Behavior ::run [ RunTime:0.000815s ]
INFO: [ route_check ] --END-- [ RunTime:0.000959s ]
INFO: [ app_begin ] --START--
INFO: ReadHtmlCache Behavior ::run [ RunTime:0.000617s ]
INFO: [ app_begin ] --END-- [ RunTime:0.000702s ]

[ 2015-08-24T17:04:18+08:00 ] 127.0.0.1 /
INFO: [ app_begin ] --START--
INFO: ReadHtmlCache Behavior ::run [ RunTime:0.000687s ]
INFO: [ app_begin ] --END-- [ RunTime:0.000798s ]
INFO: [ view_parse ] --START--
INFO: ParseTemplate Behavior ::run [ RunTime:0.009161s ]
INFO: [ view_parse ] --END-- [ RunTime:0.009284s ]
INFO: [ view_filter ] --START--
INFO: ContentReplace Behavior ::run [ RunTime:0.000505s ]
INFO: TokenBuild Behavior ::run [ RunTime:0.001132s ]
INFO: WriteHtmlCache Behavior ::run [ RunTime:0.000539s ]
INFO: ShowRuntime Behavior ::run [ RunTime:0.000761s ]
INFO: [ view_filter ] --END-- [ RunTime:0.003208s ]
INFO: [ view_end ] --START--
INFO: ShowPageTrace Behavior ::run [ RunTime:0.000759s ]
INFO: [ view_end ] --END-- [ RunTime:0.000860s ]

[ 2015-08-24T17:04:18+08:00 ] 127.0.0.1 /Code
INFO: [ route_check ] --START--
INFO: CheckRoute Behavior ::run [ RunTime:0.000815s ]
INFO: [ route_check ] --END-- [ RunTime:0.000921s ]
INFO: [ app_begin ] --START--
INFO: ReadHtmlCache Behavior ::run [ RunTime:0.000588s ]
INFO: [ app_begin ] --END-- [ RunTime:0.000672s ]

[ 2015-08-24T17:04:18+08:00 ] 127.0.0.1 /
INFO: [ app_begin ] --START--
INFO: ReadHtmlCache Behavior ::run [ RunTime:0.000610s ]
INFO: [ app_begin ] --END-- [ RunTime:0.000717s ]
INFO: [ view_parse ] --START--
INFO: ParseTemplate Behavior ::run [ RunTime:0.007622s ]
INFO: [ view_parse ] --END-- [ RunTime:0.007739s ]
INFO: [ view_filter ] --START--
INFO: ContentReplace Behavior ::run [ RunTime:0.000502s ]
INFO: TokenBuild Behavior ::run [ RunTime:0.000429s ]
INFO: WriteHtmlCache Behavior ::run [ RunTime:0.000384s ]
INFO: ShowRuntime Behavior ::run [ RunTime:0.000585s ]
INFO: [ view_filter ] --END-- [ RunTime:0.002131s ]
INFO: [ view_end ] --START--
INFO: ShowPageTrace Behavior ::run [ RunTime:0.000694s ]
INFO: [ view_end ] --END-- [ RunTime:0.000777s ]

[ 2015-08-24T17:04:18+08:00 ] 127.0.0.1 /Code
INFO: [ route_check ] --START--
INFO: CheckRoute Behavior ::run [ RunTime:0.000815s ]
INFO: [ route_check ] --END-- [ RunTime:0.000942s ]
INFO: [ app_begin ] --START--
INFO: ReadHtmlCache Behavior ::run [ RunTime:0.000636s ]
INFO: [ app_begin ] --END-- [ RunTime:0.000741s ]

