[ 2015-08-16T17:48:26+08:00 ] 127.0.0.1 /V2/glamulet
INFO: [ route_check ] --START--
INFO: CheckRoute Behavior ::run [ RunTime:0.087377s ]
INFO: [ route_check ] --END-- [ RunTime:0.087587s ]
INFO: [ app_begin ] --START--
INFO: ReadHtmlCache Behavior ::run [ RunTime:0.047304s ]
INFO: [ app_begin ] --END-- [ RunTime:0.047511s ]

[ 2015-08-16T18:55:07+08:00 ] 127.0.0.1 /m2
INFO: [ route_check ] --START--
INFO: CheckRoute Behavior ::run [ RunTime:0.000987s ]
INFO: [ route_check ] --END-- [ RunTime:0.001099s ]
INFO: [ app_begin ] --START--
INFO: ReadHtmlCache Behavior ::run [ RunTime:0.000766s ]
INFO: [ app_begin ] --END-- [ RunTime:0.000861s ]
ERR: 无法加载模块:m2

[ 2015-08-16T18:55:16+08:00 ] 127.0.0.1 /M2
INFO: [ route_check ] --START--
INFO: CheckRoute Behavior ::run [ RunTime:0.000747s ]
INFO: [ route_check ] --END-- [ RunTime:0.000861s ]
INFO: [ app_begin ] --START--
INFO: ReadHtmlCache Behavior ::run [ RunTime:0.000560s ]
INFO: [ app_begin ] --END-- [ RunTime:0.000653s ]

