[ 2015-08-04T12:52:55+08:00 ] 127.0.0.1 /V2/glamulet
INFO: [ route_check ] --START--
INFO: CheckRoute Behavior ::run [ RunTime:0.001104s ]
INFO: [ route_check ] --END-- [ RunTime:0.001282s ]
INFO: [ app_begin ] --START--
INFO: ReadHtmlCache Behavior ::run [ RunTime:0.000840s ]
INFO: [ app_begin ] --END-- [ RunTime:0.000987s ]
ERR: SOAP-ERROR: Parsing WSDL: Couldn't load from 'http://www.glamulet.com/index.php/api/v2_soap/index/?wsdl=1' : Start tag expected, '<' not found


[ 2015-08-04T13:24:01+08:00 ] 127.0.0.1 /V2/glamulet
INFO: [ route_check ] --START--
INFO: CheckRoute Behavior ::run [ RunTime:0.001942s ]
INFO: [ route_check ] --END-- [ RunTime:0.002084s ]
INFO: [ app_begin ] --START--
INFO: ReadHtmlCache Behavior ::run [ RunTime:0.000786s ]
INFO: [ app_begin ] --END-- [ RunTime:0.000901s ]
ERR: SOAP-ERROR: Parsing WSDL: Couldn't load from 'http://www.glamulet.com/index.php/api/v2_soap/index/?wsdl=1' : Start tag expected, '<' not found


[ 2015-08-04T13:47:31+08:00 ] 127.0.0.1 /V2/glamulet
INFO: [ route_check ] --START--
INFO: CheckRoute Behavior ::run [ RunTime:0.001257s ]
INFO: [ route_check ] --END-- [ RunTime:0.001425s ]
INFO: [ app_begin ] --START--
INFO: ReadHtmlCache Behavior ::run [ RunTime:0.000875s ]
INFO: [ app_begin ] --END-- [ RunTime:0.001031s ]

[ 2015-08-04T13:48:30+08:00 ] 127.0.0.1 /V2/glamulet
INFO: [ route_check ] --START--
INFO: CheckRoute Behavior ::run [ RunTime:0.000679s ]
INFO: [ route_check ] --END-- [ RunTime:0.000793s ]
INFO: [ app_begin ] --START--
INFO: ReadHtmlCache Behavior ::run [ RunTime:0.000525s ]
INFO: [ app_begin ] --END-- [ RunTime:0.000615s ]
ERR: SOAP-ERROR: Parsing WSDL: Couldn't load from 'http://www.glamulet.com/index.php/api/v2_soap/index/?wsdl=1' : Start tag expected, '<' not found


[ 2015-08-04T13:50:49+08:00 ] 127.0.0.1 /V2/glamulet
INFO: [ route_check ] --START--
INFO: CheckRoute Behavior ::run [ RunTime:0.001010s ]
INFO: [ route_check ] --END-- [ RunTime:0.001129s ]
INFO: [ app_begin ] --START--
INFO: ReadHtmlCache Behavior ::run [ RunTime:0.001133s ]
INFO: [ app_begin ] --END-- [ RunTime:0.001234s ]

[ 2015-08-04T13:51:54+08:00 ] 127.0.0.1 /V2/glamulet
INFO: [ route_check ] --START--
INFO: CheckRoute Behavior ::run [ RunTime:0.001176s ]
INFO: [ route_check ] --END-- [ RunTime:0.001336s ]
INFO: [ app_begin ] --START--
INFO: ReadHtmlCache Behavior ::run [ RunTime:0.000825s ]
INFO: [ app_begin ] --END-- [ RunTime:0.000975s ]
NOTIC: [8] Undefined variable: result C:\wamp\www\thinkphp\Home\Lib\Action\V2Action.class.php 第 183 行.
ERR: SOAP-ERROR: Parsing WSDL: Couldn't load from 'http://www.glamulet.com/index.php/api/v2_soap/index/?wsdl=1' : Start tag expected, '<' not found


[ 2015-08-04T13:53:07+08:00 ] 127.0.0.1 /V2/glamulet
INFO: [ route_check ] --START--
INFO: CheckRoute Behavior ::run [ RunTime:0.000840s ]
INFO: [ route_check ] --END-- [ RunTime:0.001013s ]
INFO: [ app_begin ] --START--
INFO: ReadHtmlCache Behavior ::run [ RunTime:0.000789s ]
INFO: [ app_begin ] --END-- [ RunTime:0.000935s ]
ERR: SOAP-ERROR: Parsing WSDL: Couldn't load from 'http://www.glamulet.com/index.php/api/v2_soap/index/?wsdl=1' : Start tag expected, '<' not found


[ 2015-08-04T18:56:18+08:00 ] 127.0.0.1 /V2/glamulet
INFO: [ route_check ] --START--
INFO: CheckRoute Behavior ::run [ RunTime:0.001016s ]
INFO: [ route_check ] --END-- [ RunTime:0.001130s ]
INFO: [ app_begin ] --START--
INFO: ReadHtmlCache Behavior ::run [ RunTime:0.001124s ]
INFO: [ app_begin ] --END-- [ RunTime:0.001271s ]
ERR: SOAP-ERROR: Parsing WSDL: Couldn't load from 'http://www.glamulet.com/index.php/api/v2_soap/index/?wsdl=1' : Start tag expected, '<' not found


[ 2015-08-04T18:57:10+08:00 ] 127.0.0.1 /V2/glamulet
INFO: [ route_check ] --START--
INFO: CheckRoute Behavior ::run [ RunTime:0.001032s ]
INFO: [ route_check ] --END-- [ RunTime:0.001207s ]
INFO: [ app_begin ] --START--
INFO: ReadHtmlCache Behavior ::run [ RunTime:0.000955s ]
INFO: [ app_begin ] --END-- [ RunTime:0.001122s ]
ERR: SOAP-ERROR: Parsing WSDL: Couldn't load from 'http://www.glamulet.com/index.php/api/v2_soap/index/?wsdl=1' : Start tag expected, '<' not found


[ 2015-08-04T19:03:55+08:00 ] 127.0.0.1 /V2/glamulet
INFO: [ route_check ] --START--
INFO: CheckRoute Behavior ::run [ RunTime:0.000846s ]
INFO: [ route_check ] --END-- [ RunTime:0.000959s ]
INFO: [ app_begin ] --START--
INFO: ReadHtmlCache Behavior ::run [ RunTime:0.002190s ]
INFO: [ app_begin ] --END-- [ RunTime:0.002295s ]
ERR: SOAP-ERROR: Parsing WSDL: Couldn't load from 'http://www.glamulet.com/index.php/api/v2_soap/index/?wsdl=1' : Start tag expected, '<' not found


