[ 2015-10-28T17:46:12+08:00 ] 127.0.0.1 /Index/preg
INFO: [ route_check ] --START--
INFO: CheckRoute Behavior ::run [ RunTime:0.002128s ]
INFO: [ route_check ] --END-- [ RunTime:0.002252s ]
INFO: [ app_begin ] --START--
INFO: ReadHtmlCache Behavior ::run [ RunTime:0.001190s ]
INFO: [ app_begin ] --END-- [ RunTime:0.001297s ]

[ 2015-10-28T17:46:21+08:00 ] 127.0.0.1 /Index/preg1
INFO: [ route_check ] --START--
INFO: CheckRoute Behavior ::run [ RunTime:0.001588s ]
INFO: [ route_check ] --END-- [ RunTime:0.001814s ]
INFO: [ app_begin ] --START--
INFO: ReadHtmlCache Behavior ::run [ RunTime:0.001132s ]
INFO: [ app_begin ] --END-- [ RunTime:0.001360s ]

[ 2015-10-28T17:46:53+08:00 ] 127.0.0.1 /Index/preg1
INFO: [ route_check ] --START--
INFO: CheckRoute Behavior ::run [ RunTime:0.000683s ]
INFO: [ route_check ] --END-- [ RunTime:0.000782s ]
INFO: [ app_begin ] --START--
INFO: ReadHtmlCache Behavior ::run [ RunTime:0.000537s ]
INFO: [ app_begin ] --END-- [ RunTime:0.000618s ]
NOTIC: [2] preg_match() [<a href='function.preg-match'>function.preg-match</a>]: Compilation failed: unmatched parentheses at offset 8 C:\wamp\www\thinkphp\Home\Lib\Action\IndexAction.class.php 第 164 行.
NOTIC: [8] Undefined variable: data C:\wamp\www\thinkphp\Home\Lib\Action\IndexAction.class.php 第 164 行.
NOTIC: [8] Undefined variable: data C:\wamp\www\thinkphp\Home\Lib\Action\IndexAction.class.php 第 165 行.

[ 2015-10-28T17:47:25+08:00 ] 127.0.0.1 /Index/preg1
INFO: [ route_check ] --START--
INFO: CheckRoute Behavior ::run [ RunTime:0.000743s ]
INFO: [ route_check ] --END-- [ RunTime:0.000843s ]
INFO: [ app_begin ] --START--
INFO: ReadHtmlCache Behavior ::run [ RunTime:0.000561s ]
INFO: [ app_begin ] --END-- [ RunTime:0.000641s ]

[ 2015-10-28T17:47:31+08:00 ] 127.0.0.1 /Index/preg1
INFO: [ route_check ] --START--
INFO: CheckRoute Behavior ::run [ RunTime:0.003758s ]
INFO: [ route_check ] --END-- [ RunTime:0.003971s ]
INFO: [ app_begin ] --START--
INFO: ReadHtmlCache Behavior ::run [ RunTime:0.000837s ]
INFO: [ app_begin ] --END-- [ RunTime:0.000994s ]
NOTIC: [2] preg_match() [<a href='function.preg-match'>function.preg-match</a>]: Compilation failed: unmatched parentheses at offset 8 C:\wamp\www\thinkphp\Home\Lib\Action\IndexAction.class.php 第 164 行.

[ 2015-10-28T17:47:52+08:00 ] 127.0.0.1 /Index/preg1
INFO: [ route_check ] --START--
INFO: CheckRoute Behavior ::run [ RunTime:0.001124s ]
INFO: [ route_check ] --END-- [ RunTime:0.001301s ]
INFO: [ app_begin ] --START--
INFO: ReadHtmlCache Behavior ::run [ RunTime:0.000930s ]
INFO: [ app_begin ] --END-- [ RunTime:0.001073s ]
NOTIC: [2] preg_match() [<a href='function.preg-match'>function.preg-match</a>]: Compilation failed: unmatched parentheses at offset 8 C:\wamp\www\thinkphp\Home\Lib\Action\IndexAction.class.php 第 164 行.

[ 2015-10-28T17:53:51+08:00 ] 127.0.0.1 /Index/tp
INFO: [ route_check ] --START--
INFO: CheckRoute Behavior ::run [ RunTime:0.000968s ]
INFO: [ route_check ] --END-- [ RunTime:0.001075s ]
INFO: [ app_begin ] --START--
INFO: ReadHtmlCache Behavior ::run [ RunTime:0.000910s ]
INFO: [ app_begin ] --END-- [ RunTime:0.001003s ]
ERR: 非法操作:tp

[ 2015-10-28T17:53:56+08:00 ] 127.0.0.1 /Index/grep1
INFO: [ route_check ] --START--
INFO: CheckRoute Behavior ::run [ RunTime:0.000967s ]
INFO: [ route_check ] --END-- [ RunTime:0.001109s ]
INFO: [ app_begin ] --START--
INFO: ReadHtmlCache Behavior ::run [ RunTime:0.000555s ]
INFO: [ app_begin ] --END-- [ RunTime:0.000637s ]
ERR: 非法操作:grep1

[ 2015-10-28T17:54:00+08:00 ] 127.0.0.1 /Index/preg1
INFO: [ route_check ] --START--
INFO: CheckRoute Behavior ::run [ RunTime:0.000722s ]
INFO: [ route_check ] --END-- [ RunTime:0.000822s ]
INFO: [ app_begin ] --START--
INFO: ReadHtmlCache Behavior ::run [ RunTime:0.000527s ]
INFO: [ app_begin ] --END-- [ RunTime:0.000605s ]

[ 2015-10-28T17:54:22+08:00 ] 127.0.0.1 /Index/preg1
INFO: [ route_check ] --START--
INFO: CheckRoute Behavior ::run [ RunTime:0.001064s ]
INFO: [ route_check ] --END-- [ RunTime:0.001218s ]
INFO: [ app_begin ] --START--
INFO: ReadHtmlCache Behavior ::run [ RunTime:0.000777s ]
INFO: [ app_begin ] --END-- [ RunTime:0.000903s ]

[ 2015-10-28T17:54:22+08:00 ] 127.0.0.1 /Index/preg1
INFO: [ route_check ] --START--
INFO: CheckRoute Behavior ::run [ RunTime:0.001180s ]
INFO: [ route_check ] --END-- [ RunTime:0.001321s ]
INFO: [ app_begin ] --START--
INFO: ReadHtmlCache Behavior ::run [ RunTime:0.000787s ]
INFO: [ app_begin ] --END-- [ RunTime:0.000899s ]

[ 2015-10-28T17:55:28+08:00 ] 127.0.0.1 /Index/preg1
INFO: [ route_check ] --START--
INFO: CheckRoute Behavior ::run [ RunTime:0.000813s ]
INFO: [ route_check ] --END-- [ RunTime:0.000931s ]
INFO: [ app_begin ] --START--
INFO: ReadHtmlCache Behavior ::run [ RunTime:0.000631s ]
INFO: [ app_begin ] --END-- [ RunTime:0.000723s ]

[ 2015-10-28T17:56:53+08:00 ] 127.0.0.1 /Index/preg1
INFO: [ route_check ] --START--
INFO: CheckRoute Behavior ::run [ RunTime:0.001013s ]
INFO: [ route_check ] --END-- [ RunTime:0.001128s ]
INFO: [ app_begin ] --START--
INFO: ReadHtmlCache Behavior ::run [ RunTime:0.000744s ]
INFO: [ app_begin ] --END-- [ RunTime:0.000836s ]
NOTIC: [2] preg_match() [<a href='function.preg-match'>function.preg-match</a>]: Compilation failed: nothing to repeat at offset 11 C:\wamp\www\thinkphp\Home\Lib\Action\IndexAction.class.php 第 165 行.

[ 2015-10-28T17:56:54+08:00 ] 127.0.0.1 /Index/preg1
INFO: [ route_check ] --START--
INFO: CheckRoute Behavior ::run [ RunTime:0.001070s ]
INFO: [ route_check ] --END-- [ RunTime:0.001247s ]
INFO: [ app_begin ] --START--
INFO: ReadHtmlCache Behavior ::run [ RunTime:0.000826s ]
INFO: [ app_begin ] --END-- [ RunTime:0.001057s ]
NOTIC: [2] preg_match() [<a href='function.preg-match'>function.preg-match</a>]: Compilation failed: nothing to repeat at offset 11 C:\wamp\www\thinkphp\Home\Lib\Action\IndexAction.class.php 第 165 行.

[ 2015-10-28T17:56:54+08:00 ] 127.0.0.1 /Index/preg1
INFO: [ route_check ] --START--
INFO: CheckRoute Behavior ::run [ RunTime:0.001261s ]
INFO: [ route_check ] --END-- [ RunTime:0.001419s ]
INFO: [ app_begin ] --START--
INFO: ReadHtmlCache Behavior ::run [ RunTime:0.001373s ]
INFO: [ app_begin ] --END-- [ RunTime:0.001515s ]
NOTIC: [2] preg_match() [<a href='function.preg-match'>function.preg-match</a>]: Compilation failed: nothing to repeat at offset 11 C:\wamp\www\thinkphp\Home\Lib\Action\IndexAction.class.php 第 165 行.

[ 2015-10-28T17:56:55+08:00 ] 127.0.0.1 /Index/preg1
INFO: [ route_check ] --START--
INFO: CheckRoute Behavior ::run [ RunTime:0.000932s ]
INFO: [ route_check ] --END-- [ RunTime:0.001076s ]
INFO: [ app_begin ] --START--
INFO: ReadHtmlCache Behavior ::run [ RunTime:0.000867s ]
INFO: [ app_begin ] --END-- [ RunTime:0.001017s ]
NOTIC: [2] preg_match() [<a href='function.preg-match'>function.preg-match</a>]: Compilation failed: nothing to repeat at offset 11 C:\wamp\www\thinkphp\Home\Lib\Action\IndexAction.class.php 第 165 行.

[ 2015-10-28T17:56:56+08:00 ] 127.0.0.1 /Index/preg1
INFO: [ route_check ] --START--
INFO: CheckRoute Behavior ::run [ RunTime:0.001516s ]
INFO: [ route_check ] --END-- [ RunTime:0.001717s ]
INFO: [ app_begin ] --START--
INFO: ReadHtmlCache Behavior ::run [ RunTime:0.001235s ]
INFO: [ app_begin ] --END-- [ RunTime:0.001437s ]
NOTIC: [2] preg_match() [<a href='function.preg-match'>function.preg-match</a>]: Compilation failed: nothing to repeat at offset 11 C:\wamp\www\thinkphp\Home\Lib\Action\IndexAction.class.php 第 165 行.

[ 2015-10-28T17:56:56+08:00 ] 127.0.0.1 /Index/preg1
INFO: [ route_check ] --START--
INFO: CheckRoute Behavior ::run [ RunTime:0.000781s ]
INFO: [ route_check ] --END-- [ RunTime:0.000924s ]
INFO: [ app_begin ] --START--
INFO: ReadHtmlCache Behavior ::run [ RunTime:0.000860s ]
INFO: [ app_begin ] --END-- [ RunTime:0.001015s ]
NOTIC: [2] preg_match() [<a href='function.preg-match'>function.preg-match</a>]: Compilation failed: nothing to repeat at offset 11 C:\wamp\www\thinkphp\Home\Lib\Action\IndexAction.class.php 第 165 行.

[ 2015-10-28T17:56:56+08:00 ] 127.0.0.1 /Index/preg1
INFO: [ route_check ] --START--
INFO: CheckRoute Behavior ::run [ RunTime:0.000959s ]
INFO: [ route_check ] --END-- [ RunTime:0.001092s ]
INFO: [ app_begin ] --START--
INFO: ReadHtmlCache Behavior ::run [ RunTime:0.000734s ]
INFO: [ app_begin ] --END-- [ RunTime:0.000855s ]
NOTIC: [2] preg_match() [<a href='function.preg-match'>function.preg-match</a>]: Compilation failed: nothing to repeat at offset 11 C:\wamp\www\thinkphp\Home\Lib\Action\IndexAction.class.php 第 165 行.

[ 2015-10-28T17:56:56+08:00 ] 127.0.0.1 /Index/preg1
INFO: [ route_check ] --START--
INFO: CheckRoute Behavior ::run [ RunTime:0.000854s ]
INFO: [ route_check ] --END-- [ RunTime:0.000958s ]
INFO: [ app_begin ] --START--
INFO: ReadHtmlCache Behavior ::run [ RunTime:0.000523s ]
INFO: [ app_begin ] --END-- [ RunTime:0.000603s ]
NOTIC: [2] preg_match() [<a href='function.preg-match'>function.preg-match</a>]: Compilation failed: nothing to repeat at offset 11 C:\wamp\www\thinkphp\Home\Lib\Action\IndexAction.class.php 第 165 行.

[ 2015-10-28T17:56:56+08:00 ] 127.0.0.1 /Index/preg1
INFO: [ route_check ] --START--
INFO: CheckRoute Behavior ::run [ RunTime:0.000993s ]
INFO: [ route_check ] --END-- [ RunTime:0.001135s ]
INFO: [ app_begin ] --START--
INFO: ReadHtmlCache Behavior ::run [ RunTime:0.000856s ]
INFO: [ app_begin ] --END-- [ RunTime:0.001001s ]
NOTIC: [2] preg_match() [<a href='function.preg-match'>function.preg-match</a>]: Compilation failed: nothing to repeat at offset 11 C:\wamp\www\thinkphp\Home\Lib\Action\IndexAction.class.php 第 165 行.

[ 2015-10-28T17:56:56+08:00 ] 127.0.0.1 /Index/preg1
INFO: [ route_check ] --START--
INFO: CheckRoute Behavior ::run [ RunTime:0.000888s ]
INFO: [ route_check ] --END-- [ RunTime:0.001060s ]
INFO: [ app_begin ] --START--
INFO: ReadHtmlCache Behavior ::run [ RunTime:0.000536s ]
INFO: [ app_begin ] --END-- [ RunTime:0.000615s ]
NOTIC: [2] preg_match() [<a href='function.preg-match'>function.preg-match</a>]: Compilation failed: nothing to repeat at offset 11 C:\wamp\www\thinkphp\Home\Lib\Action\IndexAction.class.php 第 165 行.

[ 2015-10-28T17:56:56+08:00 ] 127.0.0.1 /Index/preg1
INFO: [ route_check ] --START--
INFO: CheckRoute Behavior ::run [ RunTime:0.001162s ]
INFO: [ route_check ] --END-- [ RunTime:0.001318s ]
INFO: [ app_begin ] --START--
INFO: ReadHtmlCache Behavior ::run [ RunTime:0.000547s ]
INFO: [ app_begin ] --END-- [ RunTime:0.000628s ]
NOTIC: [2] preg_match() [<a href='function.preg-match'>function.preg-match</a>]: Compilation failed: nothing to repeat at offset 11 C:\wamp\www\thinkphp\Home\Lib\Action\IndexAction.class.php 第 165 行.

[ 2015-10-28T17:56:56+08:00 ] 127.0.0.1 /Index/preg1
INFO: [ route_check ] --START--
INFO: CheckRoute Behavior ::run [ RunTime:0.001018s ]
INFO: [ route_check ] --END-- [ RunTime:0.001180s ]
INFO: [ app_begin ] --START--
INFO: ReadHtmlCache Behavior ::run [ RunTime:0.000777s ]
INFO: [ app_begin ] --END-- [ RunTime:0.000913s ]
NOTIC: [2] preg_match() [<a href='function.preg-match'>function.preg-match</a>]: Compilation failed: nothing to repeat at offset 11 C:\wamp\www\thinkphp\Home\Lib\Action\IndexAction.class.php 第 165 行.

[ 2015-10-28T17:56:56+08:00 ] 127.0.0.1 /Index/preg1
INFO: [ route_check ] --START--
INFO: CheckRoute Behavior ::run [ RunTime:0.001105s ]
INFO: [ route_check ] --END-- [ RunTime:0.001279s ]
INFO: [ app_begin ] --START--
INFO: ReadHtmlCache Behavior ::run [ RunTime:0.000821s ]
INFO: [ app_begin ] --END-- [ RunTime:0.000978s ]
NOTIC: [2] preg_match() [<a href='function.preg-match'>function.preg-match</a>]: Compilation failed: nothing to repeat at offset 11 C:\wamp\www\thinkphp\Home\Lib\Action\IndexAction.class.php 第 165 行.

[ 2015-10-28T17:56:56+08:00 ] 127.0.0.1 /Index/preg1
INFO: [ route_check ] --START--
INFO: CheckRoute Behavior ::run [ RunTime:0.000947s ]
INFO: [ route_check ] --END-- [ RunTime:0.001067s ]
INFO: [ app_begin ] --START--
INFO: ReadHtmlCache Behavior ::run [ RunTime:0.000545s ]
INFO: [ app_begin ] --END-- [ RunTime:0.000630s ]
NOTIC: [2] preg_match() [<a href='function.preg-match'>function.preg-match</a>]: Compilation failed: nothing to repeat at offset 11 C:\wamp\www\thinkphp\Home\Lib\Action\IndexAction.class.php 第 165 行.

[ 2015-10-28T17:56:56+08:00 ] 127.0.0.1 /Index/preg1
INFO: [ route_check ] --START--
INFO: CheckRoute Behavior ::run [ RunTime:0.000738s ]
INFO: [ route_check ] --END-- [ RunTime:0.000851s ]
INFO: [ app_begin ] --START--
INFO: ReadHtmlCache Behavior ::run [ RunTime:0.000508s ]
INFO: [ app_begin ] --END-- [ RunTime:0.000591s ]
NOTIC: [2] preg_match() [<a href='function.preg-match'>function.preg-match</a>]: Compilation failed: nothing to repeat at offset 11 C:\wamp\www\thinkphp\Home\Lib\Action\IndexAction.class.php 第 165 行.

[ 2015-10-28T17:56:56+08:00 ] 127.0.0.1 /Index/preg1
INFO: [ route_check ] --START--
INFO: CheckRoute Behavior ::run [ RunTime:0.001099s ]
INFO: [ route_check ] --END-- [ RunTime:0.001248s ]
INFO: [ app_begin ] --START--
INFO: ReadHtmlCache Behavior ::run [ RunTime:0.000576s ]
INFO: [ app_begin ] --END-- [ RunTime:0.000663s ]
NOTIC: [2] preg_match() [<a href='function.preg-match'>function.preg-match</a>]: Compilation failed: nothing to repeat at offset 11 C:\wamp\www\thinkphp\Home\Lib\Action\IndexAction.class.php 第 165 行.

[ 2015-10-28T17:56:56+08:00 ] 127.0.0.1 /Index/preg1
INFO: [ route_check ] --START--
INFO: CheckRoute Behavior ::run [ RunTime:0.000702s ]
INFO: [ route_check ] --END-- [ RunTime:0.000802s ]
INFO: [ app_begin ] --START--
INFO: ReadHtmlCache Behavior ::run [ RunTime:0.000613s ]
INFO: [ app_begin ] --END-- [ RunTime:0.000715s ]
NOTIC: [2] preg_match() [<a href='function.preg-match'>function.preg-match</a>]: Compilation failed: nothing to repeat at offset 11 C:\wamp\www\thinkphp\Home\Lib\Action\IndexAction.class.php 第 165 行.

[ 2015-10-28T17:56:57+08:00 ] 127.0.0.1 /Index/preg1
INFO: [ route_check ] --START--
INFO: CheckRoute Behavior ::run [ RunTime:0.000713s ]
INFO: [ route_check ] --END-- [ RunTime:0.000822s ]
INFO: [ app_begin ] --START--
INFO: ReadHtmlCache Behavior ::run [ RunTime:0.000502s ]
INFO: [ app_begin ] --END-- [ RunTime:0.000584s ]
NOTIC: [2] preg_match() [<a href='function.preg-match'>function.preg-match</a>]: Compilation failed: nothing to repeat at offset 11 C:\wamp\www\thinkphp\Home\Lib\Action\IndexAction.class.php 第 165 行.

[ 2015-10-28T17:57:35+08:00 ] 127.0.0.1 /Index/preg1
INFO: [ route_check ] --START--
INFO: CheckRoute Behavior ::run [ RunTime:0.001389s ]
INFO: [ route_check ] --END-- [ RunTime:0.001561s ]
INFO: [ app_begin ] --START--
INFO: ReadHtmlCache Behavior ::run [ RunTime:0.001034s ]
INFO: [ app_begin ] --END-- [ RunTime:0.001185s ]
NOTIC: [2] preg_match() [<a href='function.preg-match'>function.preg-match</a>]: Compilation failed: nothing to repeat at offset 11 C:\wamp\www\thinkphp\Home\Lib\Action\IndexAction.class.php 第 165 行.

[ 2015-10-28T17:57:47+08:00 ] 127.0.0.1 /Index/preg1
INFO: [ route_check ] --START--
INFO: CheckRoute Behavior ::run [ RunTime:0.001300s ]
INFO: [ route_check ] --END-- [ RunTime:0.001481s ]
INFO: [ app_begin ] --START--
INFO: ReadHtmlCache Behavior ::run [ RunTime:0.000956s ]
INFO: [ app_begin ] --END-- [ RunTime:0.001226s ]
NOTIC: [2] preg_match() [<a href='function.preg-match'>function.preg-match</a>]: Compilation failed: nothing to repeat at offset 11 C:\wamp\www\thinkphp\Home\Lib\Action\IndexAction.class.php 第 165 行.

[ 2015-10-28T17:58:01+08:00 ] 127.0.0.1 /Index/preg1
INFO: [ route_check ] --START--
INFO: CheckRoute Behavior ::run [ RunTime:0.001312s ]
INFO: [ route_check ] --END-- [ RunTime:0.001471s ]
INFO: [ app_begin ] --START--
INFO: ReadHtmlCache Behavior ::run [ RunTime:0.001286s ]
INFO: [ app_begin ] --END-- [ RunTime:0.001392s ]
NOTIC: [2] preg_match() [<a href='function.preg-match'>function.preg-match</a>]: Compilation failed: nothing to repeat at offset 11 C:\wamp\www\thinkphp\Home\Lib\Action\IndexAction.class.php 第 165 行.

[ 2015-10-28T17:59:47+08:00 ] 127.0.0.1 /Index/preg1
INFO: [ route_check ] --START--
INFO: CheckRoute Behavior ::run [ RunTime:0.001182s ]
INFO: [ route_check ] --END-- [ RunTime:0.001339s ]
INFO: [ app_begin ] --START--
INFO: ReadHtmlCache Behavior ::run [ RunTime:0.000569s ]
INFO: [ app_begin ] --END-- [ RunTime:0.000650s ]
NOTIC: [2] preg_match() [<a href='function.preg-match'>function.preg-match</a>]: Compilation failed: nothing to repeat at offset 11 C:\wamp\www\thinkphp\Home\Lib\Action\IndexAction.class.php 第 165 行.

[ 2015-10-28T18:00:39+08:00 ] 127.0.0.1 /Index/preg1
INFO: [ route_check ] --START--
INFO: CheckRoute Behavior ::run [ RunTime:0.000705s ]
INFO: [ route_check ] --END-- [ RunTime:0.000809s ]
INFO: [ app_begin ] --START--
INFO: ReadHtmlCache Behavior ::run [ RunTime:0.000695s ]
INFO: [ app_begin ] --END-- [ RunTime:0.000792s ]
NOTIC: [2] preg_match() [<a href='function.preg-match'>function.preg-match</a>]: Compilation failed: nothing to repeat at offset 11 C:\wamp\www\thinkphp\Home\Lib\Action\IndexAction.class.php 第 165 行.

[ 2015-10-28T18:00:56+08:00 ] 127.0.0.1 /Index/preg1
INFO: [ route_check ] --START--
INFO: CheckRoute Behavior ::run [ RunTime:0.001729s ]
INFO: [ route_check ] --END-- [ RunTime:0.001948s ]
INFO: [ app_begin ] --START--
INFO: ReadHtmlCache Behavior ::run [ RunTime:0.002910s ]
INFO: [ app_begin ] --END-- [ RunTime:0.003041s ]
NOTIC: [2] preg_match() [<a href='function.preg-match'>function.preg-match</a>]: Compilation failed: nothing to repeat at offset 11 C:\wamp\www\thinkphp\Home\Lib\Action\IndexAction.class.php 第 165 行.
NOTIC: [2] preg_match() [<a href='function.preg-match'>function.preg-match</a>]: Compilation failed: unmatched parentheses at offset 8 C:\wamp\www\thinkphp\Home\Lib\Action\IndexAction.class.php 第 166 行.

[ 2015-10-28T18:01:20+08:00 ] 127.0.0.1 /Index/preg1
INFO: [ route_check ] --START--
INFO: CheckRoute Behavior ::run [ RunTime:0.001001s ]
INFO: [ route_check ] --END-- [ RunTime:0.001168s ]
INFO: [ app_begin ] --START--
INFO: ReadHtmlCache Behavior ::run [ RunTime:0.000626s ]
INFO: [ app_begin ] --END-- [ RunTime:0.000714s ]
NOTIC: [2] preg_match() [<a href='function.preg-match'>function.preg-match</a>]: Compilation failed: nothing to repeat at offset 11 C:\wamp\www\thinkphp\Home\Lib\Action\IndexAction.class.php 第 165 行.

[ 2015-10-28T18:01:21+08:00 ] 127.0.0.1 /Index/preg1
INFO: [ route_check ] --START--
INFO: CheckRoute Behavior ::run [ RunTime:0.000930s ]
INFO: [ route_check ] --END-- [ RunTime:0.001054s ]
INFO: [ app_begin ] --START--
INFO: ReadHtmlCache Behavior ::run [ RunTime:0.000700s ]
INFO: [ app_begin ] --END-- [ RunTime:0.000804s ]
NOTIC: [2] preg_match() [<a href='function.preg-match'>function.preg-match</a>]: Compilation failed: nothing to repeat at offset 11 C:\wamp\www\thinkphp\Home\Lib\Action\IndexAction.class.php 第 165 行.

[ 2015-10-28T18:01:22+08:00 ] 127.0.0.1 /Index/preg1
INFO: [ route_check ] --START--
INFO: CheckRoute Behavior ::run [ RunTime:0.002432s ]
INFO: [ route_check ] --END-- [ RunTime:0.002656s ]
INFO: [ app_begin ] --START--
INFO: ReadHtmlCache Behavior ::run [ RunTime:0.000588s ]
INFO: [ app_begin ] --END-- [ RunTime:0.000669s ]
NOTIC: [2] preg_match() [<a href='function.preg-match'>function.preg-match</a>]: Compilation failed: nothing to repeat at offset 11 C:\wamp\www\thinkphp\Home\Lib\Action\IndexAction.class.php 第 165 行.

[ 2015-10-28T18:01:22+08:00 ] 127.0.0.1 /Index/preg1
INFO: [ route_check ] --START--
INFO: CheckRoute Behavior ::run [ RunTime:0.001189s ]
INFO: [ route_check ] --END-- [ RunTime:0.001536s ]
INFO: [ app_begin ] --START--
INFO: ReadHtmlCache Behavior ::run [ RunTime:0.001587s ]
INFO: [ app_begin ] --END-- [ RunTime:0.001750s ]
NOTIC: [2] preg_match() [<a href='function.preg-match'>function.preg-match</a>]: Compilation failed: nothing to repeat at offset 11 C:\wamp\www\thinkphp\Home\Lib\Action\IndexAction.class.php 第 165 行.

[ 2015-10-28T18:01:22+08:00 ] 127.0.0.1 /Index/preg1
INFO: [ route_check ] --START--
INFO: CheckRoute Behavior ::run [ RunTime:0.001120s ]
INFO: [ route_check ] --END-- [ RunTime:0.001255s ]
INFO: [ app_begin ] --START--
INFO: ReadHtmlCache Behavior ::run [ RunTime:0.000928s ]
INFO: [ app_begin ] --END-- [ RunTime:0.001043s ]
NOTIC: [2] preg_match() [<a href='function.preg-match'>function.preg-match</a>]: Compilation failed: nothing to repeat at offset 11 C:\wamp\www\thinkphp\Home\Lib\Action\IndexAction.class.php 第 165 行.

