[ 2016-04-06T10:17:44+08:00 ] 127.0.0.1 /V2/au
INFO: [ route_check ] --START--
INFO: CheckRoute Behavior ::run [ RunTime:0.002008s ]
INFO: [ route_check ] --END-- [ RunTime:0.002437s ]
INFO: [ app_begin ] --START--
INFO: ReadHtmlCache Behavior ::run [ RunTime:0.001199s ]
INFO: [ app_begin ] --END-- [ RunTime:0.001348s ]
ERR: SOAP-ERROR: Parsing Schema: can't import schema from 'http://schemas.xmlsoap.org/soap/encoding/'

[ 2016-04-06T10:18:25+08:00 ] 127.0.0.1 /V2/ca
INFO: [ route_check ] --START--
INFO: CheckRoute Behavior ::run [ RunTime:0.001116s ]
INFO: [ route_check ] --END-- [ RunTime:0.001278s ]
INFO: [ app_begin ] --START--
INFO: ReadHtmlCache Behavior ::run [ RunTime:0.000589s ]
INFO: [ app_begin ] --END-- [ RunTime:0.000688s ]
ERR: SOAP-ERROR: Parsing Schema: can't import schema from 'http://schemas.xmlsoap.org/soap/encoding/'

[ 2016-04-06T10:19:31+08:00 ] 127.0.0.1 /V2/us
INFO: [ route_check ] --START--
INFO: CheckRoute Behavior ::run [ RunTime:0.000809s ]
INFO: [ route_check ] --END-- [ RunTime:0.000927s ]
INFO: [ app_begin ] --START--
INFO: ReadHtmlCache Behavior ::run [ RunTime:0.000626s ]
INFO: [ app_begin ] --END-- [ RunTime:0.000752s ]

[ 2016-04-06T10:20:18+08:00 ] 127.0.0.1 /V2/uk
INFO: [ route_check ] --START--
INFO: CheckRoute Behavior ::run [ RunTime:0.001392s ]
INFO: [ route_check ] --END-- [ RunTime:0.001583s ]
INFO: [ app_begin ] --START--
INFO: ReadHtmlCache Behavior ::run [ RunTime:0.001013s ]
INFO: [ app_begin ] --END-- [ RunTime:0.001190s ]

[ 2016-04-06T10:22:12+08:00 ] 127.0.0.1 /V2/dede
INFO: [ route_check ] --START--
INFO: CheckRoute Behavior ::run [ RunTime:0.000706s ]
INFO: [ route_check ] --END-- [ RunTime:0.000820s ]
INFO: [ app_begin ] --START--
INFO: ReadHtmlCache Behavior ::run [ RunTime:0.000535s ]
INFO: [ app_begin ] --END-- [ RunTime:0.000627s ]
ERR: SOAP-ERROR: Parsing Schema: can't import schema from 'http://schemas.xmlsoap.org/soap/encoding/'

[ 2016-04-06T10:23:31+08:00 ] 127.0.0.1 /V2/dede
INFO: [ route_check ] --START--
INFO: CheckRoute Behavior ::run [ RunTime:0.001458s ]
INFO: [ route_check ] --END-- [ RunTime:0.001662s ]
INFO: [ app_begin ] --START--
INFO: ReadHtmlCache Behavior ::run [ RunTime:0.000653s ]
INFO: [ app_begin ] --END-- [ RunTime:0.000756s ]
ERR: SOAP-ERROR: Parsing Schema: can't import schema from 'http://schemas.xmlsoap.org/soap/encoding/'

[ 2016-04-06T14:42:11+08:00 ] 127.0.0.1 /V2/ca
INFO: [ route_check ] --START--
INFO: CheckRoute Behavior ::run [ RunTime:0.001158s ]
INFO: [ route_check ] --END-- [ RunTime:0.001496s ]
INFO: [ app_begin ] --START--
INFO: ReadHtmlCache Behavior ::run [ RunTime:0.000765s ]
INFO: [ app_begin ] --END-- [ RunTime:0.000886s ]
ERR: SOAP-ERROR: Parsing Schema: can't import schema from 'http://schemas.xmlsoap.org/soap/encoding/'

[ 2016-04-06T14:42:41+08:00 ] 127.0.0.1 /V2/au
INFO: [ route_check ] --START--
INFO: CheckRoute Behavior ::run [ RunTime:0.001625s ]
INFO: [ route_check ] --END-- [ RunTime:0.001967s ]
INFO: [ app_begin ] --START--
INFO: ReadHtmlCache Behavior ::run [ RunTime:0.001029s ]
INFO: [ app_begin ] --END-- [ RunTime:0.001216s ]

