[ 2016-07-19T10:21:17+08:00 ] 127.0.0.1 /
INFO: [ app_begin ] --START--
INFO: ReadHtmlCache Behavior ::run [ RunTime:0.003905s ]
INFO: [ app_begin ] --END-- [ RunTime:0.004161s ]
INFO: [ view_parse ] --START--
NOTIC: [8] Undefined index: authnum_session C:\wamp\www\thinkphp\Home\Runtime\Cache\7e4848229090366086cc7eeb3bfc0798.php 第 2 行.
INFO: ParseTemplate Behavior ::run [ RunTime:0.025703s ]
INFO: [ view_parse ] --END-- [ RunTime:0.025886s ]
INFO: [ view_filter ] --START--
INFO: ContentReplace Behavior ::run [ RunTime:0.001403s ]
INFO: TokenBuild Behavior ::run [ RunTime:0.001404s ]
INFO: WriteHtmlCache Behavior ::run [ RunTime:0.001151s ]
INFO: ShowRuntime Behavior ::run [ RunTime:0.001469s ]
INFO: [ view_filter ] --END-- [ RunTime:0.005887s ]
INFO: [ view_end ] --START--
INFO: ShowPageTrace Behavior ::run [ RunTime:0.001914s ]
INFO: [ view_end ] --END-- [ RunTime:0.002083s ]

[ 2016-07-19T10:21:17+08:00 ] 127.0.0.1 /Code
INFO: [ route_check ] --START--
INFO: CheckRoute Behavior ::run [ RunTime:0.001642s ]
INFO: [ route_check ] --END-- [ RunTime:0.001814s ]
INFO: [ app_begin ] --START--
INFO: ReadHtmlCache Behavior ::run [ RunTime:0.001133s ]
INFO: [ app_begin ] --END-- [ RunTime:0.001280s ]

[ 2016-07-19T10:24:04+08:00 ] 127.0.0.1 /Preg
INFO: [ route_check ] --START--
INFO: CheckRoute Behavior ::run [ RunTime:0.001894s ]
INFO: [ route_check ] --END-- [ RunTime:0.002090s ]
INFO: [ app_begin ] --START--
INFO: ReadHtmlCache Behavior ::run [ RunTime:0.001256s ]
INFO: [ app_begin ] --END-- [ RunTime:0.001520s ]

[ 2016-07-19T10:24:11+08:00 ] 127.0.0.1 /Preg
INFO: [ route_check ] --START--
INFO: CheckRoute Behavior ::run [ RunTime:0.001177s ]
INFO: [ route_check ] --END-- [ RunTime:0.001307s ]
INFO: [ app_begin ] --START--
INFO: ReadHtmlCache Behavior ::run [ RunTime:0.001522s ]
INFO: [ app_begin ] --END-- [ RunTime:0.001703s ]

[ 2016-07-19T10:24:22+08:00 ] 127.0.0.1 /Preg/index
INFO: [ route_check ] --START--
INFO: CheckRoute Behavior ::run [ RunTime:0.001816s ]
INFO: [ route_check ] --END-- [ RunTime:0.002013s ]
INFO: [ app_begin ] --START--
INFO: ReadHtmlCache Behavior ::run [ RunTime:0.001492s ]
INFO: [ app_begin ] --END-- [ RunTime:0.001668s ]

[ 2016-07-19T12:55:54+08:00 ] 127.0.0.1 /grep
INFO: [ route_check ] --START--
INFO: CheckRoute Behavior ::run [ RunTime:0.001652s ]
INFO: [ route_check ] --END-- [ RunTime:0.001823s ]
INFO: [ app_begin ] --START--
INFO: ReadHtmlCache Behavior ::run [ RunTime:0.001730s ]
INFO: [ app_begin ] --END-- [ RunTime:0.001877s ]
ERR: 无法加载模块:grep

[ 2016-07-19T12:55:59+08:00 ] 127.0.0.1 /Preg/
INFO: [ route_check ] --START--
INFO: CheckRoute Behavior ::run [ RunTime:0.001949s ]
INFO: [ route_check ] --END-- [ RunTime:0.002133s ]
INFO: [ app_begin ] --START--
INFO: ReadHtmlCache Behavior ::run [ RunTime:0.001258s ]
INFO: [ app_begin ] --END-- [ RunTime:0.001391s ]

[ 2016-07-19T12:56:12+08:00 ] 127.0.0.1 /Preg/
INFO: [ route_check ] --START--
INFO: CheckRoute Behavior ::run [ RunTime:0.001196s ]
INFO: [ route_check ] --END-- [ RunTime:0.001334s ]
INFO: [ app_begin ] --START--
INFO: ReadHtmlCache Behavior ::run [ RunTime:0.000927s ]
INFO: [ app_begin ] --END-- [ RunTime:0.001024s ]

[ 2016-07-19T12:56:19+08:00 ] 127.0.0.1 /Preg/
INFO: [ route_check ] --START--
INFO: CheckRoute Behavior ::run [ RunTime:0.001400s ]
INFO: [ route_check ] --END-- [ RunTime:0.001558s ]
INFO: [ app_begin ] --START--
INFO: ReadHtmlCache Behavior ::run [ RunTime:0.001222s ]
INFO: [ app_begin ] --END-- [ RunTime:0.001343s ]

[ 2016-07-19T12:56:24+08:00 ] 127.0.0.1 /Preg/
INFO: [ route_check ] --START--
INFO: CheckRoute Behavior ::run [ RunTime:0.001096s ]
INFO: [ route_check ] --END-- [ RunTime:0.001214s ]
INFO: [ app_begin ] --START--
INFO: ReadHtmlCache Behavior ::run [ RunTime:0.000985s ]
INFO: [ app_begin ] --END-- [ RunTime:0.001095s ]

[ 2016-07-19T12:56:25+08:00 ] 127.0.0.1 /Preg/
INFO: [ route_check ] --START--
INFO: CheckRoute Behavior ::run [ RunTime:0.001284s ]
INFO: [ route_check ] --END-- [ RunTime:0.001416s ]
INFO: [ app_begin ] --START--
INFO: ReadHtmlCache Behavior ::run [ RunTime:0.001066s ]
INFO: [ app_begin ] --END-- [ RunTime:0.001185s ]

[ 2016-07-19T12:56:29+08:00 ] 127.0.0.1 /Preg/
INFO: [ route_check ] --START--
INFO: CheckRoute Behavior ::run [ RunTime:0.001164s ]
INFO: [ route_check ] --END-- [ RunTime:0.001286s ]
INFO: [ app_begin ] --START--
INFO: ReadHtmlCache Behavior ::run [ RunTime:0.001019s ]
INFO: [ app_begin ] --END-- [ RunTime:0.001131s ]

[ 2016-07-19T12:56:30+08:00 ] 127.0.0.1 /Preg/
INFO: [ route_check ] --START--
INFO: CheckRoute Behavior ::run [ RunTime:0.001029s ]
INFO: [ route_check ] --END-- [ RunTime:0.001143s ]
INFO: [ app_begin ] --START--
INFO: ReadHtmlCache Behavior ::run [ RunTime:0.001068s ]
INFO: [ app_begin ] --END-- [ RunTime:0.001171s ]

[ 2016-07-19T12:56:31+08:00 ] 127.0.0.1 /Preg/
INFO: [ route_check ] --START--
INFO: CheckRoute Behavior ::run [ RunTime:0.001419s ]
INFO: [ route_check ] --END-- [ RunTime:0.001567s ]
INFO: [ app_begin ] --START--
INFO: ReadHtmlCache Behavior ::run [ RunTime:0.001124s ]
INFO: [ app_begin ] --END-- [ RunTime:0.001237s ]

