[ 2016-05-31T15:52:07+08:00 ] 127.0.0.1 /
INFO: [ app_begin ] --START--
INFO: ReadHtmlCache Behavior ::run [ RunTime:0.001858s ]
INFO: [ app_begin ] --END-- [ RunTime:0.002070s ]
INFO: [ view_parse ] --START--
NOTIC: [8] Undefined index: authnum_session C:\wamp\www\thinkphp\Home\Runtime\Cache\7e4848229090366086cc7eeb3bfc0798.php 第 2 行.
INFO: ParseTemplate Behavior ::run [ RunTime:0.017283s ]
INFO: [ view_parse ] --END-- [ RunTime:0.017413s ]
INFO: [ view_filter ] --START--
INFO: ContentReplace Behavior ::run [ RunTime:0.001060s ]
INFO: TokenBuild Behavior ::run [ RunTime:0.002270s ]
INFO: WriteHtmlCache Behavior ::run [ RunTime:0.001096s ]
INFO: ShowRuntime Behavior ::run [ RunTime:0.001520s ]
INFO: [ view_filter ] --END-- [ RunTime:0.006452s ]
INFO: [ view_end ] --START--
INFO: ShowPageTrace Behavior ::run [ RunTime:0.001293s ]
INFO: [ view_end ] --END-- [ RunTime:0.001556s ]

[ 2016-05-31T15:52:07+08:00 ] 127.0.0.1 /Code
INFO: [ route_check ] --START--
INFO: CheckRoute Behavior ::run [ RunTime:0.001887s ]
INFO: [ route_check ] --END-- [ RunTime:0.002026s ]
INFO: [ app_begin ] --START--
INFO: ReadHtmlCache Behavior ::run [ RunTime:0.000888s ]
INFO: [ app_begin ] --END-- [ RunTime:0.000995s ]

[ 2016-05-31T15:52:38+08:00 ] 127.0.0.1 /mail/send1
INFO: [ route_check ] --START--
INFO: CheckRoute Behavior ::run [ RunTime:0.001156s ]
INFO: [ route_check ] --END-- [ RunTime:0.001295s ]
INFO: [ app_begin ] --START--
INFO: ReadHtmlCache Behavior ::run [ RunTime:0.002244s ]
INFO: [ app_begin ] --END-- [ RunTime:0.002358s ]
ERR: 无法加载模块:mail

[ 2016-05-31T15:52:52+08:00 ] 127.0.0.1 /Mail/send1
INFO: [ route_check ] --START--
INFO: CheckRoute Behavior ::run [ RunTime:0.001000s ]
INFO: [ route_check ] --END-- [ RunTime:0.001130s ]
INFO: [ app_begin ] --START--
INFO: ReadHtmlCache Behavior ::run [ RunTime:0.001018s ]
INFO: [ app_begin ] --END-- [ RunTime:0.001165s ]

[ 2016-05-31T15:53:15+08:00 ] 127.0.0.1 /Mail/send1
INFO: [ route_check ] --START--
INFO: CheckRoute Behavior ::run [ RunTime:0.001440s ]
INFO: [ route_check ] --END-- [ RunTime:0.001624s ]
INFO: [ app_begin ] --START--
INFO: ReadHtmlCache Behavior ::run [ RunTime:0.001240s ]
INFO: [ app_begin ] --END-- [ RunTime:0.001418s ]

[ 2016-05-31T15:53:32+08:00 ] 127.0.0.1 /Mail/send1
INFO: [ route_check ] --START--
INFO: CheckRoute Behavior ::run [ RunTime:0.001005s ]
INFO: [ route_check ] --END-- [ RunTime:0.001124s ]
INFO: [ app_begin ] --START--
INFO: ReadHtmlCache Behavior ::run [ RunTime:0.001241s ]
INFO: [ app_begin ] --END-- [ RunTime:0.001412s ]

[ 2016-05-31T15:54:36+08:00 ] 127.0.0.1 /Mail/send1
INFO: [ route_check ] --START--
INFO: CheckRoute Behavior ::run [ RunTime:0.001236s ]
INFO: [ route_check ] --END-- [ RunTime:0.001361s ]
INFO: [ app_begin ] --START--
INFO: ReadHtmlCache Behavior ::run [ RunTime:0.000867s ]
INFO: [ app_begin ] --END-- [ RunTime:0.001017s ]

[ 2016-05-31T15:54:58+08:00 ] 127.0.0.1 /Mail/send1
INFO: [ route_check ] --START--
INFO: CheckRoute Behavior ::run [ RunTime:0.000947s ]
INFO: [ route_check ] --END-- [ RunTime:0.001063s ]
INFO: [ app_begin ] --START--
INFO: ReadHtmlCache Behavior ::run [ RunTime:0.000810s ]
INFO: [ app_begin ] --END-- [ RunTime:0.000902s ]

[ 2016-05-31T15:54:59+08:00 ] 127.0.0.1 /Mail/send1
INFO: [ route_check ] --START--
INFO: CheckRoute Behavior ::run [ RunTime:0.000929s ]
INFO: [ route_check ] --END-- [ RunTime:0.001106s ]
INFO: [ app_begin ] --START--
INFO: ReadHtmlCache Behavior ::run [ RunTime:0.001124s ]
INFO: [ app_begin ] --END-- [ RunTime:0.001264s ]

[ 2016-05-31T15:55:00+08:00 ] 127.0.0.1 /Mail/send1
INFO: [ route_check ] --START--
INFO: CheckRoute Behavior ::run [ RunTime:0.000958s ]
INFO: [ route_check ] --END-- [ RunTime:0.001076s ]
INFO: [ app_begin ] --START--
INFO: ReadHtmlCache Behavior ::run [ RunTime:0.000784s ]
INFO: [ app_begin ] --END-- [ RunTime:0.000875s ]

[ 2016-05-31T15:55:00+08:00 ] 127.0.0.1 /Mail/send1
INFO: [ route_check ] --START--
INFO: CheckRoute Behavior ::run [ RunTime:0.001033s ]
INFO: [ route_check ] --END-- [ RunTime:0.001164s ]
INFO: [ app_begin ] --START--
INFO: ReadHtmlCache Behavior ::run [ RunTime:0.000884s ]
INFO: [ app_begin ] --END-- [ RunTime:0.000985s ]

[ 2016-05-31T15:55:00+08:00 ] 127.0.0.1 /Mail/send1
INFO: [ route_check ] --START--
INFO: CheckRoute Behavior ::run [ RunTime:0.001511s ]
INFO: [ route_check ] --END-- [ RunTime:0.001706s ]
INFO: [ app_begin ] --START--
INFO: ReadHtmlCache Behavior ::run [ RunTime:0.001623s ]
INFO: [ app_begin ] --END-- [ RunTime:0.001891s ]

[ 2016-05-31T15:55:00+08:00 ] 127.0.0.1 /Mail/send1
INFO: [ route_check ] --START--
INFO: CheckRoute Behavior ::run [ RunTime:0.001569s ]
INFO: [ route_check ] --END-- [ RunTime:0.001741s ]
INFO: [ app_begin ] --START--
INFO: ReadHtmlCache Behavior ::run [ RunTime:0.001152s ]
INFO: [ app_begin ] --END-- [ RunTime:0.001305s ]

[ 2016-05-31T15:55:00+08:00 ] 127.0.0.1 /Mail/send1
INFO: [ route_check ] --START--
INFO: CheckRoute Behavior ::run [ RunTime:0.001067s ]
INFO: [ route_check ] --END-- [ RunTime:0.001230s ]
INFO: [ app_begin ] --START--
INFO: ReadHtmlCache Behavior ::run [ RunTime:0.000935s ]
INFO: [ app_begin ] --END-- [ RunTime:0.001083s ]

[ 2016-05-31T15:55:00+08:00 ] 127.0.0.1 /Mail/send1
INFO: [ route_check ] --START--
INFO: CheckRoute Behavior ::run [ RunTime:0.000920s ]
INFO: [ route_check ] --END-- [ RunTime:0.001032s ]
INFO: [ app_begin ] --START--
INFO: ReadHtmlCache Behavior ::run [ RunTime:0.001144s ]
INFO: [ app_begin ] --END-- [ RunTime:0.001265s ]

[ 2016-05-31T15:55:30+08:00 ] 127.0.0.1 /Mail/send1
INFO: [ route_check ] --START--
INFO: CheckRoute Behavior ::run [ RunTime:0.001226s ]
INFO: [ route_check ] --END-- [ RunTime:0.001360s ]
INFO: [ app_begin ] --START--
INFO: ReadHtmlCache Behavior ::run [ RunTime:0.000861s ]
INFO: [ app_begin ] --END-- [ RunTime:0.000961s ]

[ 2016-05-31T15:55:48+08:00 ] 127.0.0.1 /Mail/send2
INFO: [ route_check ] --START--
INFO: CheckRoute Behavior ::run [ RunTime:0.001508s ]
INFO: [ route_check ] --END-- [ RunTime:0.001710s ]
INFO: [ app_begin ] --START--
INFO: ReadHtmlCache Behavior ::run [ RunTime:0.001069s ]
INFO: [ app_begin ] --END-- [ RunTime:0.001199s ]

[ 2016-05-31T15:55:53+08:00 ] 127.0.0.1 /Mail/send2
INFO: [ route_check ] --START--
INFO: CheckRoute Behavior ::run [ RunTime:0.000916s ]
INFO: [ route_check ] --END-- [ RunTime:0.001041s ]
INFO: [ app_begin ] --START--
INFO: ReadHtmlCache Behavior ::run [ RunTime:0.001023s ]
INFO: [ app_begin ] --END-- [ RunTime:0.001161s ]

[ 2016-05-31T15:56:21+08:00 ] 127.0.0.1 /Mail/
INFO: [ route_check ] --START--
INFO: CheckRoute Behavior ::run [ RunTime:0.001524s ]
INFO: [ route_check ] --END-- [ RunTime:0.001723s ]
INFO: [ app_begin ] --START--
INFO: ReadHtmlCache Behavior ::run [ RunTime:0.001293s ]
INFO: [ app_begin ] --END-- [ RunTime:0.001448s ]
ERR: 非法操作:index

[ 2016-05-31T15:56:32+08:00 ] 127.0.0.1 /Mail/indexx
INFO: [ route_check ] --START--
INFO: CheckRoute Behavior ::run [ RunTime:0.001112s ]
INFO: [ route_check ] --END-- [ RunTime:0.001356s ]
INFO: [ app_begin ] --START--
INFO: ReadHtmlCache Behavior ::run [ RunTime:0.001633s ]
INFO: [ app_begin ] --END-- [ RunTime:0.001895s ]
ERR: 非法操作:indexx

[ 2016-05-31T15:57:30+08:00 ] 127.0.0.1 /Mail/indexx
INFO: [ route_check ] --START--
INFO: CheckRoute Behavior ::run [ RunTime:0.001020s ]
INFO: [ route_check ] --END-- [ RunTime:0.001135s ]
INFO: [ app_begin ] --START--
INFO: ReadHtmlCache Behavior ::run [ RunTime:0.000768s ]
INFO: [ app_begin ] --END-- [ RunTime:0.000860s ]
ERR: 非法操作:indexx

[ 2016-05-31T15:57:31+08:00 ] 127.0.0.1 /Mail/indexx
INFO: [ route_check ] --START--
INFO: CheckRoute Behavior ::run [ RunTime:0.001065s ]
INFO: [ route_check ] --END-- [ RunTime:0.001202s ]
INFO: [ app_begin ] --START--
INFO: ReadHtmlCache Behavior ::run [ RunTime:0.000886s ]
INFO: [ app_begin ] --END-- [ RunTime:0.000986s ]
ERR: 非法操作:indexx

[ 2016-05-31T15:57:31+08:00 ] 127.0.0.1 /Mail/indexx
INFO: [ route_check ] --START--
INFO: CheckRoute Behavior ::run [ RunTime:0.001040s ]
INFO: [ route_check ] --END-- [ RunTime:0.001182s ]
INFO: [ app_begin ] --START--
INFO: ReadHtmlCache Behavior ::run [ RunTime:0.001080s ]
INFO: [ app_begin ] --END-- [ RunTime:0.001261s ]
ERR: 非法操作:indexx

[ 2016-05-31T15:57:31+08:00 ] 127.0.0.1 /Mail/indexx
INFO: [ route_check ] --START--
INFO: CheckRoute Behavior ::run [ RunTime:0.001866s ]
INFO: [ route_check ] --END-- [ RunTime:0.002166s ]
INFO: [ app_begin ] --START--
INFO: ReadHtmlCache Behavior ::run [ RunTime:0.000901s ]
INFO: [ app_begin ] --END-- [ RunTime:0.001033s ]
ERR: 非法操作:indexx

[ 2016-05-31T15:57:31+08:00 ] 127.0.0.1 /Mail/indexx
INFO: [ route_check ] --START--
INFO: CheckRoute Behavior ::run [ RunTime:0.001456s ]
INFO: [ route_check ] --END-- [ RunTime:0.001663s ]
INFO: [ app_begin ] --START--
INFO: ReadHtmlCache Behavior ::run [ RunTime:0.001208s ]
INFO: [ app_begin ] --END-- [ RunTime:0.001385s ]
ERR: 非法操作:indexx

[ 2016-05-31T15:57:31+08:00 ] 127.0.0.1 /Mail/indexx
INFO: [ route_check ] --START--
INFO: CheckRoute Behavior ::run [ RunTime:0.001729s ]
INFO: [ route_check ] --END-- [ RunTime:0.001895s ]
INFO: [ app_begin ] --START--
INFO: ReadHtmlCache Behavior ::run [ RunTime:0.005622s ]
INFO: [ app_begin ] --END-- [ RunTime:0.005826s ]
ERR: 非法操作:indexx

[ 2016-05-31T15:57:31+08:00 ] 127.0.0.1 /Mail/indexx
INFO: [ route_check ] --START--
INFO: CheckRoute Behavior ::run [ RunTime:0.001089s ]
INFO: [ route_check ] --END-- [ RunTime:0.001226s ]
INFO: [ app_begin ] --START--
INFO: ReadHtmlCache Behavior ::run [ RunTime:0.000927s ]
INFO: [ app_begin ] --END-- [ RunTime:0.001032s ]
ERR: 非法操作:indexx

[ 2016-05-31T15:57:31+08:00 ] 127.0.0.1 /Mail/indexx
INFO: [ route_check ] --START--
INFO: CheckRoute Behavior ::run [ RunTime:0.001104s ]
INFO: [ route_check ] --END-- [ RunTime:0.001235s ]
INFO: [ app_begin ] --START--
INFO: ReadHtmlCache Behavior ::run [ RunTime:0.001097s ]
INFO: [ app_begin ] --END-- [ RunTime:0.001268s ]
ERR: 非法操作:indexx

[ 2016-05-31T15:57:31+08:00 ] 127.0.0.1 /Mail/indexx
INFO: [ route_check ] --START--
INFO: CheckRoute Behavior ::run [ RunTime:0.001067s ]
INFO: [ route_check ] --END-- [ RunTime:0.001219s ]
INFO: [ app_begin ] --START--
INFO: ReadHtmlCache Behavior ::run [ RunTime:0.000910s ]
INFO: [ app_begin ] --END-- [ RunTime:0.001017s ]
ERR: 非法操作:indexx

[ 2016-05-31T15:57:32+08:00 ] 127.0.0.1 /Mail/indexx
INFO: [ route_check ] --START--
INFO: CheckRoute Behavior ::run [ RunTime:0.001375s ]
INFO: [ route_check ] --END-- [ RunTime:0.001568s ]
INFO: [ app_begin ] --START--
INFO: ReadHtmlCache Behavior ::run [ RunTime:0.001358s ]
INFO: [ app_begin ] --END-- [ RunTime:0.001650s ]
ERR: 非法操作:indexx

[ 2016-05-31T15:57:32+08:00 ] 127.0.0.1 /Mail/indexx
INFO: [ route_check ] --START--
INFO: CheckRoute Behavior ::run [ RunTime:0.003113s ]
INFO: [ route_check ] --END-- [ RunTime:0.003579s ]
INFO: [ app_begin ] --START--
INFO: ReadHtmlCache Behavior ::run [ RunTime:0.000779s ]
INFO: [ app_begin ] --END-- [ RunTime:0.000887s ]
ERR: 非法操作:indexx

[ 2016-05-31T15:57:35+08:00 ] 127.0.0.1 /Mail
INFO: [ route_check ] --START--
INFO: CheckRoute Behavior ::run [ RunTime:0.001087s ]
INFO: [ route_check ] --END-- [ RunTime:0.001277s ]
INFO: [ app_begin ] --START--
INFO: ReadHtmlCache Behavior ::run [ RunTime:0.000937s ]
INFO: [ app_begin ] --END-- [ RunTime:0.001096s ]
ERR: 非法操作:index

[ 2016-05-31T15:57:39+08:00 ] 127.0.0.1 /
INFO: [ app_begin ] --START--
INFO: ReadHtmlCache Behavior ::run [ RunTime:0.000694s ]
INFO: [ app_begin ] --END-- [ RunTime:0.000828s ]
INFO: [ view_parse ] --START--
NOTIC: [8] Undefined index: authnum_session C:\wamp\www\thinkphp\Home\Runtime\Cache\7e4848229090366086cc7eeb3bfc0798.php 第 2 行.
INFO: ParseTemplate Behavior ::run [ RunTime:0.017971s ]
INFO: [ view_parse ] --END-- [ RunTime:0.018078s ]
INFO: [ view_filter ] --START--
INFO: ContentReplace Behavior ::run [ RunTime:0.000730s ]
INFO: TokenBuild Behavior ::run [ RunTime:0.000925s ]
INFO: WriteHtmlCache Behavior ::run [ RunTime:0.000688s ]
INFO: ShowRuntime Behavior ::run [ RunTime:0.000818s ]
INFO: [ view_filter ] --END-- [ RunTime:0.003466s ]
INFO: [ view_end ] --START--
INFO: ShowPageTrace Behavior ::run [ RunTime:0.001030s ]
INFO: [ view_end ] --END-- [ RunTime:0.001133s ]

[ 2016-05-31T15:57:39+08:00 ] 127.0.0.1 /Code
INFO: [ route_check ] --START--
INFO: CheckRoute Behavior ::run [ RunTime:0.001330s ]
INFO: [ route_check ] --END-- [ RunTime:0.001544s ]
INFO: [ app_begin ] --START--
INFO: ReadHtmlCache Behavior ::run [ RunTime:0.000862s ]
INFO: [ app_begin ] --END-- [ RunTime:0.001018s ]

[ 2016-05-31T15:58:54+08:00 ] 127.0.0.1 /Mail/send2
INFO: [ route_check ] --START--
INFO: CheckRoute Behavior ::run [ RunTime:0.000821s ]
INFO: [ route_check ] --END-- [ RunTime:0.000936s ]
INFO: [ app_begin ] --START--
INFO: ReadHtmlCache Behavior ::run [ RunTime:0.000685s ]
INFO: [ app_begin ] --END-- [ RunTime:0.000781s ]

[ 2016-05-31T16:00:54+08:00 ] 127.0.0.1 /Mail/send2
INFO: [ route_check ] --START--
INFO: CheckRoute Behavior ::run [ RunTime:0.001951s ]
INFO: [ route_check ] --END-- [ RunTime:0.002140s ]
INFO: [ app_begin ] --START--
INFO: ReadHtmlCache Behavior ::run [ RunTime:0.001233s ]
INFO: [ app_begin ] --END-- [ RunTime:0.001388s ]

[ 2016-05-31T16:05:29+08:00 ] 127.0.0.1 /Mail/send3
INFO: [ route_check ] --START--
INFO: CheckRoute Behavior ::run [ RunTime:0.001510s ]
INFO: [ route_check ] --END-- [ RunTime:0.001690s ]
INFO: [ app_begin ] --START--
INFO: ReadHtmlCache Behavior ::run [ RunTime:0.001930s ]
INFO: [ app_begin ] --END-- [ RunTime:0.002124s ]

[ 2016-05-31T16:05:58+08:00 ] 127.0.0.1 /Mail/send3
INFO: [ route_check ] --START--
INFO: CheckRoute Behavior ::run [ RunTime:0.000883s ]
INFO: [ route_check ] --END-- [ RunTime:0.001034s ]
INFO: [ app_begin ] --START--
INFO: ReadHtmlCache Behavior ::run [ RunTime:0.000761s ]
INFO: [ app_begin ] --END-- [ RunTime:0.000853s ]

[ 2016-05-31T16:06:15+08:00 ] 127.0.0.1 /Mail/send3
INFO: [ route_check ] --START--
INFO: CheckRoute Behavior ::run [ RunTime:0.000892s ]
INFO: [ route_check ] --END-- [ RunTime:0.001040s ]
INFO: [ app_begin ] --START--
INFO: ReadHtmlCache Behavior ::run [ RunTime:0.001105s ]
INFO: [ app_begin ] --END-- [ RunTime:0.001247s ]

[ 2016-05-31T16:06:16+08:00 ] 127.0.0.1 /Mail/send3
INFO: [ route_check ] --START--
INFO: CheckRoute Behavior ::run [ RunTime:0.000818s ]
INFO: [ route_check ] --END-- [ RunTime:0.000931s ]
INFO: [ app_begin ] --START--
INFO: ReadHtmlCache Behavior ::run [ RunTime:0.000737s ]
INFO: [ app_begin ] --END-- [ RunTime:0.000825s ]

[ 2016-05-31T16:09:23+08:00 ] 127.0.0.1 /Mail/send1
INFO: [ route_check ] --START--
INFO: CheckRoute Behavior ::run [ RunTime:0.001665s ]
INFO: [ route_check ] --END-- [ RunTime:0.001846s ]
INFO: [ app_begin ] --START--
INFO: ReadHtmlCache Behavior ::run [ RunTime:0.000832s ]
INFO: [ app_begin ] --END-- [ RunTime:0.000929s ]

[ 2016-05-31T16:09:38+08:00 ] 127.0.0.1 /Mail/send1
INFO: [ route_check ] --START--
INFO: CheckRoute Behavior ::run [ RunTime:0.001293s ]
INFO: [ route_check ] --END-- [ RunTime:0.001490s ]
INFO: [ app_begin ] --START--
INFO: ReadHtmlCache Behavior ::run [ RunTime:0.000709s ]
INFO: [ app_begin ] --END-- [ RunTime:0.000805s ]

[ 2016-05-31T16:09:39+08:00 ] 127.0.0.1 /Mail/send1
INFO: [ route_check ] --START--
INFO: CheckRoute Behavior ::run [ RunTime:0.000901s ]
INFO: [ route_check ] --END-- [ RunTime:0.001019s ]
INFO: [ app_begin ] --START--
INFO: ReadHtmlCache Behavior ::run [ RunTime:0.000678s ]
INFO: [ app_begin ] --END-- [ RunTime:0.000781s ]

[ 2016-05-31T16:09:39+08:00 ] 127.0.0.1 /Mail/send1
INFO: [ route_check ] --START--
INFO: CheckRoute Behavior ::run [ RunTime:0.001139s ]
INFO: [ route_check ] --END-- [ RunTime:0.001334s ]
INFO: [ app_begin ] --START--
INFO: ReadHtmlCache Behavior ::run [ RunTime:0.000672s ]
INFO: [ app_begin ] --END-- [ RunTime:0.000769s ]

[ 2016-05-31T16:09:40+08:00 ] 127.0.0.1 /Mail/send1
INFO: [ route_check ] --START--
INFO: CheckRoute Behavior ::run [ RunTime:0.000952s ]
INFO: [ route_check ] --END-- [ RunTime:0.001093s ]
INFO: [ app_begin ] --START--
INFO: ReadHtmlCache Behavior ::run [ RunTime:0.001192s ]
INFO: [ app_begin ] --END-- [ RunTime:0.001360s ]

[ 2016-05-31T16:09:40+08:00 ] 127.0.0.1 /Mail/send1
INFO: [ route_check ] --START--
INFO: CheckRoute Behavior ::run [ RunTime:0.001031s ]
INFO: [ route_check ] --END-- [ RunTime:0.001161s ]
INFO: [ app_begin ] --START--
INFO: ReadHtmlCache Behavior ::run [ RunTime:0.001848s ]
INFO: [ app_begin ] --END-- [ RunTime:0.002077s ]

[ 2016-05-31T16:09:40+08:00 ] 127.0.0.1 /Mail/send1
INFO: [ route_check ] --START--
INFO: CheckRoute Behavior ::run [ RunTime:0.002066s ]
INFO: [ route_check ] --END-- [ RunTime:0.002210s ]
INFO: [ app_begin ] --START--
INFO: ReadHtmlCache Behavior ::run [ RunTime:0.001321s ]
INFO: [ app_begin ] --END-- [ RunTime:0.001526s ]

[ 2016-05-31T16:09:40+08:00 ] 127.0.0.1 /Mail/send1
INFO: [ route_check ] --START--
INFO: CheckRoute Behavior ::run [ RunTime:0.001136s ]
INFO: [ route_check ] --END-- [ RunTime:0.001284s ]
INFO: [ app_begin ] --START--
INFO: ReadHtmlCache Behavior ::run [ RunTime:0.000963s ]
INFO: [ app_begin ] --END-- [ RunTime:0.001117s ]

[ 2016-05-31T16:09:40+08:00 ] 127.0.0.1 /Mail/send1
INFO: [ route_check ] --START--
INFO: CheckRoute Behavior ::run [ RunTime:0.001613s ]
INFO: [ route_check ] --END-- [ RunTime:0.001794s ]
INFO: [ app_begin ] --START--
INFO: ReadHtmlCache Behavior ::run [ RunTime:0.000838s ]
INFO: [ app_begin ] --END-- [ RunTime:0.000943s ]

[ 2016-05-31T16:09:40+08:00 ] 127.0.0.1 /Mail/send1
INFO: [ route_check ] --START--
INFO: CheckRoute Behavior ::run [ RunTime:0.001062s ]
INFO: [ route_check ] --END-- [ RunTime:0.001177s ]
INFO: [ app_begin ] --START--
INFO: ReadHtmlCache Behavior ::run [ RunTime:0.000786s ]
INFO: [ app_begin ] --END-- [ RunTime:0.000893s ]

[ 2016-05-31T16:09:40+08:00 ] 127.0.0.1 /Mail/send1
INFO: [ route_check ] --START--
INFO: CheckRoute Behavior ::run [ RunTime:0.001406s ]
INFO: [ route_check ] --END-- [ RunTime:0.001596s ]
INFO: [ app_begin ] --START--
INFO: ReadHtmlCache Behavior ::run [ RunTime:0.000827s ]
INFO: [ app_begin ] --END-- [ RunTime:0.000943s ]

[ 2016-05-31T16:09:40+08:00 ] 127.0.0.1 /Mail/send1
INFO: [ route_check ] --START--
INFO: CheckRoute Behavior ::run [ RunTime:0.001128s ]
INFO: [ route_check ] --END-- [ RunTime:0.001277s ]
INFO: [ app_begin ] --START--
INFO: ReadHtmlCache Behavior ::run [ RunTime:0.001702s ]
INFO: [ app_begin ] --END-- [ RunTime:0.001865s ]

[ 2016-05-31T16:09:40+08:00 ] 127.0.0.1 /Mail/send1
INFO: [ route_check ] --START--
INFO: CheckRoute Behavior ::run [ RunTime:0.001227s ]
INFO: [ route_check ] --END-- [ RunTime:0.001358s ]
INFO: [ app_begin ] --START--
INFO: ReadHtmlCache Behavior ::run [ RunTime:0.002655s ]
INFO: [ app_begin ] --END-- [ RunTime:0.002874s ]

[ 2016-05-31T16:09:40+08:00 ] 127.0.0.1 /Mail/send1
INFO: [ route_check ] --START--
INFO: CheckRoute Behavior ::run [ RunTime:0.001698s ]
INFO: [ route_check ] --END-- [ RunTime:0.001865s ]
INFO: [ app_begin ] --START--
INFO: ReadHtmlCache Behavior ::run [ RunTime:0.001041s ]
INFO: [ app_begin ] --END-- [ RunTime:0.001215s ]

[ 2016-05-31T16:09:51+08:00 ] 127.0.0.1 /Mail/send1
INFO: [ route_check ] --START--
INFO: CheckRoute Behavior ::run [ RunTime:0.001016s ]
INFO: [ route_check ] --END-- [ RunTime:0.001137s ]
INFO: [ app_begin ] --START--
INFO: ReadHtmlCache Behavior ::run [ RunTime:0.001361s ]
INFO: [ app_begin ] --END-- [ RunTime:0.001510s ]

[ 2016-05-31T16:09:59+08:00 ] 127.0.0.1 /Mail/send1
INFO: [ route_check ] --START--
INFO: CheckRoute Behavior ::run [ RunTime:0.001053s ]
INFO: [ route_check ] --END-- [ RunTime:0.001171s ]
INFO: [ app_begin ] --START--
INFO: ReadHtmlCache Behavior ::run [ RunTime:0.000882s ]
INFO: [ app_begin ] --END-- [ RunTime:0.000978s ]

[ 2016-05-31T16:11:12+08:00 ] 127.0.0.1 /Mail/send1
INFO: [ route_check ] --START--
INFO: CheckRoute Behavior ::run [ RunTime:0.001955s ]
INFO: [ route_check ] --END-- [ RunTime:0.002122s ]
INFO: [ app_begin ] --START--
INFO: ReadHtmlCache Behavior ::run [ RunTime:0.001284s ]
INFO: [ app_begin ] --END-- [ RunTime:0.001446s ]
NOTIC: [8] Undefined variable: get_include_path C:\wamp\www\thinkphp\Home\Lib\Action\MailAction.class.php 第 31 行.

[ 2016-05-31T16:11:20+08:00 ] 127.0.0.1 /Mail/send1
INFO: [ route_check ] --START--
INFO: CheckRoute Behavior ::run [ RunTime:0.001124s ]
INFO: [ route_check ] --END-- [ RunTime:0.001250s ]
INFO: [ app_begin ] --START--
INFO: ReadHtmlCache Behavior ::run [ RunTime:0.000813s ]
INFO: [ app_begin ] --END-- [ RunTime:0.000909s ]

[ 2016-05-31T16:12:05+08:00 ] 127.0.0.1 /Mail/send1
INFO: [ route_check ] --START--
INFO: CheckRoute Behavior ::run [ RunTime:0.001143s ]
INFO: [ route_check ] --END-- [ RunTime:0.001257s ]
INFO: [ app_begin ] --START--
INFO: ReadHtmlCache Behavior ::run [ RunTime:0.000863s ]
INFO: [ app_begin ] --END-- [ RunTime:0.000964s ]

[ 2016-05-31T16:12:05+08:00 ] 127.0.0.1 /Mail/send1
INFO: [ route_check ] --START--
INFO: CheckRoute Behavior ::run [ RunTime:0.000946s ]
INFO: [ route_check ] --END-- [ RunTime:0.001056s ]
INFO: [ app_begin ] --START--
INFO: ReadHtmlCache Behavior ::run [ RunTime:0.000912s ]
INFO: [ app_begin ] --END-- [ RunTime:0.001057s ]

[ 2016-05-31T16:12:06+08:00 ] 127.0.0.1 /Mail/send1
INFO: [ route_check ] --START--
INFO: CheckRoute Behavior ::run [ RunTime:0.000994s ]
INFO: [ route_check ] --END-- [ RunTime:0.001106s ]
INFO: [ app_begin ] --START--
INFO: ReadHtmlCache Behavior ::run [ RunTime:0.000805s ]
INFO: [ app_begin ] --END-- [ RunTime:0.000897s ]

[ 2016-05-31T16:12:07+08:00 ] 127.0.0.1 /Mail/send1
INFO: [ route_check ] --START--
INFO: CheckRoute Behavior ::run [ RunTime:0.001497s ]
INFO: [ route_check ] --END-- [ RunTime:0.001624s ]
INFO: [ app_begin ] --START--
INFO: ReadHtmlCache Behavior ::run [ RunTime:0.000927s ]
INFO: [ app_begin ] --END-- [ RunTime:0.001043s ]

[ 2016-05-31T16:12:07+08:00 ] 127.0.0.1 /Mail/send1
INFO: [ route_check ] --START--
INFO: CheckRoute Behavior ::run [ RunTime:0.000966s ]
INFO: [ route_check ] --END-- [ RunTime:0.001079s ]
INFO: [ app_begin ] --START--
INFO: ReadHtmlCache Behavior ::run [ RunTime:0.000797s ]
INFO: [ app_begin ] --END-- [ RunTime:0.000886s ]

[ 2016-05-31T16:12:07+08:00 ] 127.0.0.1 /Mail/send1
INFO: [ route_check ] --START--
INFO: CheckRoute Behavior ::run [ RunTime:0.001556s ]
INFO: [ route_check ] --END-- [ RunTime:0.001698s ]
INFO: [ app_begin ] --START--
INFO: ReadHtmlCache Behavior ::run [ RunTime:0.001554s ]
INFO: [ app_begin ] --END-- [ RunTime:0.001754s ]

[ 2016-05-31T16:12:07+08:00 ] 127.0.0.1 /Mail/send1
INFO: [ route_check ] --START--
INFO: CheckRoute Behavior ::run [ RunTime:0.000940s ]
INFO: [ route_check ] --END-- [ RunTime:0.001053s ]
INFO: [ app_begin ] --START--
INFO: ReadHtmlCache Behavior ::run [ RunTime:0.000840s ]
INFO: [ app_begin ] --END-- [ RunTime:0.000943s ]

[ 2016-05-31T16:12:07+08:00 ] 127.0.0.1 /Mail/send1
INFO: [ route_check ] --START--
INFO: CheckRoute Behavior ::run [ RunTime:0.000977s ]
INFO: [ route_check ] --END-- [ RunTime:0.001089s ]
INFO: [ app_begin ] --START--
INFO: ReadHtmlCache Behavior ::run [ RunTime:0.000701s ]
INFO: [ app_begin ] --END-- [ RunTime:0.000790s ]

[ 2016-05-31T16:12:07+08:00 ] 127.0.0.1 /Mail/send1
INFO: [ route_check ] --START--
INFO: CheckRoute Behavior ::run [ RunTime:0.000787s ]
INFO: [ route_check ] --END-- [ RunTime:0.000900s ]
INFO: [ app_begin ] --START--
INFO: ReadHtmlCache Behavior ::run [ RunTime:0.000624s ]
INFO: [ app_begin ] --END-- [ RunTime:0.000719s ]

[ 2016-05-31T16:12:07+08:00 ] 127.0.0.1 /Mail/send1
INFO: [ route_check ] --START--
INFO: CheckRoute Behavior ::run [ RunTime:0.000881s ]
INFO: [ route_check ] --END-- [ RunTime:0.001025s ]
INFO: [ app_begin ] --START--
INFO: ReadHtmlCache Behavior ::run [ RunTime:0.000615s ]
INFO: [ app_begin ] --END-- [ RunTime:0.000707s ]

[ 2016-05-31T16:12:07+08:00 ] 127.0.0.1 /Mail/send1
INFO: [ route_check ] --START--
INFO: CheckRoute Behavior ::run [ RunTime:0.000995s ]
INFO: [ route_check ] --END-- [ RunTime:0.001143s ]
INFO: [ app_begin ] --START--
INFO: ReadHtmlCache Behavior ::run [ RunTime:0.000794s ]
INFO: [ app_begin ] --END-- [ RunTime:0.000893s ]

[ 2016-05-31T16:12:07+08:00 ] 127.0.0.1 /Mail/send1
INFO: [ route_check ] --START--
INFO: CheckRoute Behavior ::run [ RunTime:0.001217s ]
INFO: [ route_check ] --END-- [ RunTime:0.001388s ]
INFO: [ app_begin ] --START--
INFO: ReadHtmlCache Behavior ::run [ RunTime:0.001041s ]
INFO: [ app_begin ] --END-- [ RunTime:0.001216s ]

[ 2016-05-31T16:12:07+08:00 ] 127.0.0.1 /Mail/send1
INFO: [ route_check ] --START--
INFO: CheckRoute Behavior ::run [ RunTime:0.001222s ]
INFO: [ route_check ] --END-- [ RunTime:0.001396s ]
INFO: [ app_begin ] --START--
INFO: ReadHtmlCache Behavior ::run [ RunTime:0.000699s ]
INFO: [ app_begin ] --END-- [ RunTime:0.000801s ]

[ 2016-05-31T16:12:07+08:00 ] 127.0.0.1 /Mail/send1
INFO: [ route_check ] --START--
INFO: CheckRoute Behavior ::run [ RunTime:0.001459s ]
INFO: [ route_check ] --END-- [ RunTime:0.001725s ]
INFO: [ app_begin ] --START--
INFO: ReadHtmlCache Behavior ::run [ RunTime:0.001010s ]
INFO: [ app_begin ] --END-- [ RunTime:0.001194s ]

[ 2016-05-31T16:12:07+08:00 ] 127.0.0.1 /Mail/send1
INFO: [ route_check ] --START--
INFO: CheckRoute Behavior ::run [ RunTime:0.000997s ]
INFO: [ route_check ] --END-- [ RunTime:0.001118s ]
INFO: [ app_begin ] --START--
INFO: ReadHtmlCache Behavior ::run [ RunTime:0.002702s ]
INFO: [ app_begin ] --END-- [ RunTime:0.002832s ]

[ 2016-05-31T16:12:07+08:00 ] 127.0.0.1 /Mail/send1
INFO: [ route_check ] --START--
INFO: CheckRoute Behavior ::run [ RunTime:0.000848s ]
INFO: [ route_check ] --END-- [ RunTime:0.000995s ]
INFO: [ app_begin ] --START--
INFO: ReadHtmlCache Behavior ::run [ RunTime:0.000610s ]
INFO: [ app_begin ] --END-- [ RunTime:0.000703s ]

[ 2016-05-31T16:14:16+08:00 ] 127.0.0.1 /Mail/send1
INFO: [ route_check ] --START--
INFO: CheckRoute Behavior ::run [ RunTime:0.001915s ]
INFO: [ route_check ] --END-- [ RunTime:0.002076s ]
INFO: [ app_begin ] --START--
INFO: ReadHtmlCache Behavior ::run [ RunTime:0.000896s ]
INFO: [ app_begin ] --END-- [ RunTime:0.000996s ]
NOTIC: [2] require_once(Zend/Mail.php) [<a href='function.require-once'>function.require-once</a>]: failed to open stream: No such file or directory C:\wamp\www\thinkphp\Home\Lib\Action\MailAction.class.php 第 31 行.

[ 2016-05-31T16:22:37+08:00 ] 127.0.0.1 /Mail/send1
INFO: [ route_check ] --START--
INFO: CheckRoute Behavior ::run [ RunTime:0.001228s ]
INFO: [ route_check ] --END-- [ RunTime:0.001348s ]
INFO: [ app_begin ] --START--
INFO: ReadHtmlCache Behavior ::run [ RunTime:0.000775s ]
INFO: [ app_begin ] --END-- [ RunTime:0.000878s ]
NOTIC: [2] require_once(Zend/Mail.php) [<a href='function.require-once'>function.require-once</a>]: failed to open stream: No such file or directory C:\wamp\www\thinkphp\Home\Lib\Action\MailAction.class.php 第 31 行.

[ 2016-05-31T16:22:38+08:00 ] 127.0.0.1 /Mail/send1
INFO: [ route_check ] --START--
INFO: CheckRoute Behavior ::run [ RunTime:0.000983s ]
INFO: [ route_check ] --END-- [ RunTime:0.001153s ]
INFO: [ app_begin ] --START--
INFO: ReadHtmlCache Behavior ::run [ RunTime:0.000945s ]
INFO: [ app_begin ] --END-- [ RunTime:0.001072s ]
NOTIC: [2] require_once(Zend/Mail.php) [<a href='function.require-once'>function.require-once</a>]: failed to open stream: No such file or directory C:\wamp\www\thinkphp\Home\Lib\Action\MailAction.class.php 第 31 行.

[ 2016-05-31T16:22:38+08:00 ] 127.0.0.1 /Mail/send1
INFO: [ route_check ] --START--
INFO: CheckRoute Behavior ::run [ RunTime:0.000813s ]
INFO: [ route_check ] --END-- [ RunTime:0.000983s ]
INFO: [ app_begin ] --START--
INFO: ReadHtmlCache Behavior ::run [ RunTime:0.000945s ]
INFO: [ app_begin ] --END-- [ RunTime:0.001066s ]
NOTIC: [2] require_once(Zend/Mail.php) [<a href='function.require-once'>function.require-once</a>]: failed to open stream: No such file or directory C:\wamp\www\thinkphp\Home\Lib\Action\MailAction.class.php 第 31 行.

[ 2016-05-31T16:22:39+08:00 ] 127.0.0.1 /Mail/send1
INFO: [ route_check ] --START--
INFO: CheckRoute Behavior ::run [ RunTime:0.000964s ]
INFO: [ route_check ] --END-- [ RunTime:0.001082s ]
INFO: [ app_begin ] --START--
INFO: ReadHtmlCache Behavior ::run [ RunTime:0.000784s ]
INFO: [ app_begin ] --END-- [ RunTime:0.000915s ]
NOTIC: [2] require_once(Zend/Mail.php) [<a href='function.require-once'>function.require-once</a>]: failed to open stream: No such file or directory C:\wamp\www\thinkphp\Home\Lib\Action\MailAction.class.php 第 31 行.

[ 2016-05-31T16:22:39+08:00 ] 127.0.0.1 /Mail/send1
INFO: [ route_check ] --START--
INFO: CheckRoute Behavior ::run [ RunTime:0.003360s ]
INFO: [ route_check ] --END-- [ RunTime:0.003562s ]
INFO: [ app_begin ] --START--
INFO: ReadHtmlCache Behavior ::run [ RunTime:0.001301s ]
INFO: [ app_begin ] --END-- [ RunTime:0.001476s ]
NOTIC: [2] require_once(Zend/Mail.php) [<a href='function.require-once'>function.require-once</a>]: failed to open stream: No such file or directory C:\wamp\www\thinkphp\Home\Lib\Action\MailAction.class.php 第 31 行.

[ 2016-05-31T16:22:39+08:00 ] 127.0.0.1 /Mail/send1
INFO: [ route_check ] --START--
INFO: CheckRoute Behavior ::run [ RunTime:0.000973s ]
INFO: [ route_check ] --END-- [ RunTime:0.001121s ]
INFO: [ app_begin ] --START--
INFO: ReadHtmlCache Behavior ::run [ RunTime:0.000997s ]
INFO: [ app_begin ] --END-- [ RunTime:0.001167s ]
NOTIC: [2] require_once(Zend/Mail.php) [<a href='function.require-once'>function.require-once</a>]: failed to open stream: No such file or directory C:\wamp\www\thinkphp\Home\Lib\Action\MailAction.class.php 第 31 行.

[ 2016-05-31T16:22:39+08:00 ] 127.0.0.1 /Mail/send1
INFO: [ route_check ] --START--
INFO: CheckRoute Behavior ::run [ RunTime:0.004573s ]
INFO: [ route_check ] --END-- [ RunTime:0.004761s ]
INFO: [ app_begin ] --START--
INFO: ReadHtmlCache Behavior ::run [ RunTime:0.001077s ]
INFO: [ app_begin ] --END-- [ RunTime:0.001258s ]
NOTIC: [2] require_once(Zend/Mail.php) [<a href='function.require-once'>function.require-once</a>]: failed to open stream: No such file or directory C:\wamp\www\thinkphp\Home\Lib\Action\MailAction.class.php 第 31 行.

[ 2016-05-31T16:22:39+08:00 ] 127.0.0.1 /Mail/send1
INFO: [ route_check ] --START--
INFO: CheckRoute Behavior ::run [ RunTime:0.000992s ]
INFO: [ route_check ] --END-- [ RunTime:0.001110s ]
INFO: [ app_begin ] --START--
INFO: ReadHtmlCache Behavior ::run [ RunTime:0.000715s ]
INFO: [ app_begin ] --END-- [ RunTime:0.000827s ]
NOTIC: [2] require_once(Zend/Mail.php) [<a href='function.require-once'>function.require-once</a>]: failed to open stream: No such file or directory C:\wamp\www\thinkphp\Home\Lib\Action\MailAction.class.php 第 31 行.

[ 2016-05-31T16:22:40+08:00 ] 127.0.0.1 /Mail/send1
INFO: [ route_check ] --START--
INFO: CheckRoute Behavior ::run [ RunTime:0.001648s ]
INFO: [ route_check ] --END-- [ RunTime:0.001820s ]
INFO: [ app_begin ] --START--
INFO: ReadHtmlCache Behavior ::run [ RunTime:0.000770s ]
INFO: [ app_begin ] --END-- [ RunTime:0.000873s ]
NOTIC: [2] require_once(Zend/Mail.php) [<a href='function.require-once'>function.require-once</a>]: failed to open stream: No such file or directory C:\wamp\www\thinkphp\Home\Lib\Action\MailAction.class.php 第 31 行.

[ 2016-05-31T16:22:40+08:00 ] 127.0.0.1 /Mail/send1
INFO: [ route_check ] --START--
INFO: CheckRoute Behavior ::run [ RunTime:0.000940s ]
INFO: [ route_check ] --END-- [ RunTime:0.001054s ]
INFO: [ app_begin ] --START--
INFO: ReadHtmlCache Behavior ::run [ RunTime:0.000746s ]
INFO: [ app_begin ] --END-- [ RunTime:0.000845s ]
NOTIC: [2] require_once(Zend/Mail.php) [<a href='function.require-once'>function.require-once</a>]: failed to open stream: No such file or directory C:\wamp\www\thinkphp\Home\Lib\Action\MailAction.class.php 第 31 行.

[ 2016-05-31T16:22:40+08:00 ] 127.0.0.1 /Mail/send1
INFO: [ route_check ] --START--
INFO: CheckRoute Behavior ::run [ RunTime:0.000956s ]
INFO: [ route_check ] --END-- [ RunTime:0.001074s ]
INFO: [ app_begin ] --START--
INFO: ReadHtmlCache Behavior ::run [ RunTime:0.003869s ]
INFO: [ app_begin ] --END-- [ RunTime:0.004012s ]
NOTIC: [2] require_once(Zend/Mail.php) [<a href='function.require-once'>function.require-once</a>]: failed to open stream: No such file or directory C:\wamp\www\thinkphp\Home\Lib\Action\MailAction.class.php 第 31 行.

[ 2016-05-31T16:22:41+08:00 ] 127.0.0.1 /Mail/send1
INFO: [ route_check ] --START--
INFO: CheckRoute Behavior ::run [ RunTime:0.000969s ]
INFO: [ route_check ] --END-- [ RunTime:0.001086s ]
INFO: [ app_begin ] --START--
INFO: ReadHtmlCache Behavior ::run [ RunTime:0.001222s ]
INFO: [ app_begin ] --END-- [ RunTime:0.001399s ]
NOTIC: [2] require_once(Zend/Mail.php) [<a href='function.require-once'>function.require-once</a>]: failed to open stream: No such file or directory C:\wamp\www\thinkphp\Home\Lib\Action\MailAction.class.php 第 31 行.

[ 2016-05-31T16:22:41+08:00 ] 127.0.0.1 /Mail/send1
INFO: [ route_check ] --START--
INFO: CheckRoute Behavior ::run [ RunTime:0.001007s ]
INFO: [ route_check ] --END-- [ RunTime:0.001165s ]
INFO: [ app_begin ] --START--
INFO: ReadHtmlCache Behavior ::run [ RunTime:0.000720s ]
INFO: [ app_begin ] --END-- [ RunTime:0.000823s ]
NOTIC: [2] require_once(Zend/Mail.php) [<a href='function.require-once'>function.require-once</a>]: failed to open stream: No such file or directory C:\wamp\www\thinkphp\Home\Lib\Action\MailAction.class.php 第 31 行.

[ 2016-05-31T16:22:41+08:00 ] 127.0.0.1 /Mail/send1
INFO: [ route_check ] --START--
INFO: CheckRoute Behavior ::run [ RunTime:0.000988s ]
INFO: [ route_check ] --END-- [ RunTime:0.001148s ]
INFO: [ app_begin ] --START--
INFO: ReadHtmlCache Behavior ::run [ RunTime:0.000771s ]
INFO: [ app_begin ] --END-- [ RunTime:0.000899s ]
NOTIC: [2] require_once(Zend/Mail.php) [<a href='function.require-once'>function.require-once</a>]: failed to open stream: No such file or directory C:\wamp\www\thinkphp\Home\Lib\Action\MailAction.class.php 第 31 行.

[ 2016-05-31T16:22:41+08:00 ] 127.0.0.1 /Mail/send1
INFO: [ route_check ] --START--
INFO: CheckRoute Behavior ::run [ RunTime:0.001108s ]
INFO: [ route_check ] --END-- [ RunTime:0.001266s ]
INFO: [ app_begin ] --START--
INFO: ReadHtmlCache Behavior ::run [ RunTime:0.000728s ]
INFO: [ app_begin ] --END-- [ RunTime:0.000832s ]
NOTIC: [2] require_once(Zend/Mail.php) [<a href='function.require-once'>function.require-once</a>]: failed to open stream: No such file or directory C:\wamp\www\thinkphp\Home\Lib\Action\MailAction.class.php 第 31 行.

[ 2016-05-31T16:22:41+08:00 ] 127.0.0.1 /Mail/send1
INFO: [ route_check ] --START--
INFO: CheckRoute Behavior ::run [ RunTime:0.001515s ]
INFO: [ route_check ] --END-- [ RunTime:0.001715s ]
INFO: [ app_begin ] --START--
INFO: ReadHtmlCache Behavior ::run [ RunTime:0.001014s ]
INFO: [ app_begin ] --END-- [ RunTime:0.001189s ]
NOTIC: [2] require_once(Zend/Mail.php) [<a href='function.require-once'>function.require-once</a>]: failed to open stream: No such file or directory C:\wamp\www\thinkphp\Home\Lib\Action\MailAction.class.php 第 31 行.

[ 2016-05-31T16:22:41+08:00 ] 127.0.0.1 /Mail/send1
INFO: [ route_check ] --START--
INFO: CheckRoute Behavior ::run [ RunTime:0.001338s ]
INFO: [ route_check ] --END-- [ RunTime:0.001575s ]
INFO: [ app_begin ] --START--
INFO: ReadHtmlCache Behavior ::run [ RunTime:0.002073s ]
INFO: [ app_begin ] --END-- [ RunTime:0.002290s ]
NOTIC: [2] require_once(Zend/Mail.php) [<a href='function.require-once'>function.require-once</a>]: failed to open stream: No such file or directory C:\wamp\www\thinkphp\Home\Lib\Action\MailAction.class.php 第 31 行.

[ 2016-05-31T16:22:41+08:00 ] 127.0.0.1 /Mail/send1
INFO: [ route_check ] --START--
INFO: CheckRoute Behavior ::run [ RunTime:0.001683s ]
INFO: [ route_check ] --END-- [ RunTime:0.001877s ]
INFO: [ app_begin ] --START--
INFO: ReadHtmlCache Behavior ::run [ RunTime:0.001223s ]
INFO: [ app_begin ] --END-- [ RunTime:0.001420s ]
NOTIC: [2] require_once(Zend/Mail.php) [<a href='function.require-once'>function.require-once</a>]: failed to open stream: No such file or directory C:\wamp\www\thinkphp\Home\Lib\Action\MailAction.class.php 第 31 行.

[ 2016-05-31T16:22:41+08:00 ] 127.0.0.1 /Mail/send1
INFO: [ route_check ] --START--
INFO: CheckRoute Behavior ::run [ RunTime:0.000980s ]
INFO: [ route_check ] --END-- [ RunTime:0.001144s ]
INFO: [ app_begin ] --START--
INFO: ReadHtmlCache Behavior ::run [ RunTime:0.000599s ]
INFO: [ app_begin ] --END-- [ RunTime:0.000688s ]
NOTIC: [2] require_once(Zend/Mail.php) [<a href='function.require-once'>function.require-once</a>]: failed to open stream: No such file or directory C:\wamp\www\thinkphp\Home\Lib\Action\MailAction.class.php 第 31 行.

[ 2016-05-31T16:22:41+08:00 ] 127.0.0.1 /Mail/send1
INFO: [ route_check ] --START--
INFO: CheckRoute Behavior ::run [ RunTime:0.001358s ]
INFO: [ route_check ] --END-- [ RunTime:0.001742s ]
INFO: [ app_begin ] --START--
INFO: ReadHtmlCache Behavior ::run [ RunTime:0.000943s ]
INFO: [ app_begin ] --END-- [ RunTime:0.001061s ]
NOTIC: [2] require_once(Zend/Mail.php) [<a href='function.require-once'>function.require-once</a>]: failed to open stream: No such file or directory C:\wamp\www\thinkphp\Home\Lib\Action\MailAction.class.php 第 31 行.

[ 2016-05-31T16:22:41+08:00 ] 127.0.0.1 /Mail/send1
INFO: [ route_check ] --START--
INFO: CheckRoute Behavior ::run [ RunTime:0.001209s ]
INFO: [ route_check ] --END-- [ RunTime:0.001372s ]
INFO: [ app_begin ] --START--
INFO: ReadHtmlCache Behavior ::run [ RunTime:0.001350s ]
INFO: [ app_begin ] --END-- [ RunTime:0.001603s ]
NOTIC: [2] require_once(Zend/Mail.php) [<a href='function.require-once'>function.require-once</a>]: failed to open stream: No such file or directory C:\wamp\www\thinkphp\Home\Lib\Action\MailAction.class.php 第 31 行.

[ 2016-05-31T16:22:41+08:00 ] 127.0.0.1 /Mail/send1
INFO: [ route_check ] --START--
INFO: CheckRoute Behavior ::run [ RunTime:0.000866s ]
INFO: [ route_check ] --END-- [ RunTime:0.001025s ]
INFO: [ app_begin ] --START--
INFO: ReadHtmlCache Behavior ::run [ RunTime:0.000646s ]
INFO: [ app_begin ] --END-- [ RunTime:0.000739s ]
NOTIC: [2] require_once(Zend/Mail.php) [<a href='function.require-once'>function.require-once</a>]: failed to open stream: No such file or directory C:\wamp\www\thinkphp\Home\Lib\Action\MailAction.class.php 第 31 行.

[ 2016-05-31T16:22:57+08:00 ] 127.0.0.1 /Mail/send1
INFO: [ route_check ] --START--
INFO: CheckRoute Behavior ::run [ RunTime:0.000945s ]
INFO: [ route_check ] --END-- [ RunTime:0.001102s ]
INFO: [ app_begin ] --START--
INFO: ReadHtmlCache Behavior ::run [ RunTime:0.000687s ]
INFO: [ app_begin ] --END-- [ RunTime:0.000778s ]
NOTIC: [2] require_once(Zend/Mail.php) [<a href='function.require-once'>function.require-once</a>]: failed to open stream: No such file or directory C:\wamp\www\thinkphp\Home\Lib\Action\MailAction.class.php 第 31 行.

[ 2016-05-31T16:22:58+08:00 ] 127.0.0.1 /Mail/send1
INFO: [ route_check ] --START--
INFO: CheckRoute Behavior ::run [ RunTime:0.001032s ]
INFO: [ route_check ] --END-- [ RunTime:0.001207s ]
INFO: [ app_begin ] --START--
INFO: ReadHtmlCache Behavior ::run [ RunTime:0.000764s ]
INFO: [ app_begin ] --END-- [ RunTime:0.000865s ]
NOTIC: [2] require_once(Zend/Mail.php) [<a href='function.require-once'>function.require-once</a>]: failed to open stream: No such file or directory C:\wamp\www\thinkphp\Home\Lib\Action\MailAction.class.php 第 31 行.

[ 2016-05-31T16:22:58+08:00 ] 127.0.0.1 /Mail/send1
INFO: [ route_check ] --START--
INFO: CheckRoute Behavior ::run [ RunTime:0.001409s ]
INFO: [ route_check ] --END-- [ RunTime:0.001740s ]
INFO: [ app_begin ] --START--
INFO: ReadHtmlCache Behavior ::run [ RunTime:0.000900s ]
INFO: [ app_begin ] --END-- [ RunTime:0.001017s ]
NOTIC: [2] require_once(Zend/Mail.php) [<a href='function.require-once'>function.require-once</a>]: failed to open stream: No such file or directory C:\wamp\www\thinkphp\Home\Lib\Action\MailAction.class.php 第 31 行.

[ 2016-05-31T16:22:59+08:00 ] 127.0.0.1 /Mail/send1
INFO: [ route_check ] --START--
INFO: CheckRoute Behavior ::run [ RunTime:0.001119s ]
INFO: [ route_check ] --END-- [ RunTime:0.001281s ]
INFO: [ app_begin ] --START--
INFO: ReadHtmlCache Behavior ::run [ RunTime:0.001268s ]
INFO: [ app_begin ] --END-- [ RunTime:0.001425s ]
NOTIC: [2] require_once(Zend/Mail.php) [<a href='function.require-once'>function.require-once</a>]: failed to open stream: No such file or directory C:\wamp\www\thinkphp\Home\Lib\Action\MailAction.class.php 第 31 行.

[ 2016-05-31T16:22:59+08:00 ] 127.0.0.1 /Mail/send1
INFO: [ route_check ] --START--
INFO: CheckRoute Behavior ::run [ RunTime:0.000976s ]
INFO: [ route_check ] --END-- [ RunTime:0.001121s ]
INFO: [ app_begin ] --START--
INFO: ReadHtmlCache Behavior ::run [ RunTime:0.000679s ]
INFO: [ app_begin ] --END-- [ RunTime:0.000771s ]
NOTIC: [2] require_once(Zend/Mail.php) [<a href='function.require-once'>function.require-once</a>]: failed to open stream: No such file or directory C:\wamp\www\thinkphp\Home\Lib\Action\MailAction.class.php 第 31 行.

[ 2016-05-31T16:22:59+08:00 ] 127.0.0.1 /Mail/send1
INFO: [ route_check ] --START--
INFO: CheckRoute Behavior ::run [ RunTime:0.000873s ]
INFO: [ route_check ] --END-- [ RunTime:0.000991s ]
INFO: [ app_begin ] --START--
INFO: ReadHtmlCache Behavior ::run [ RunTime:0.001010s ]
INFO: [ app_begin ] --END-- [ RunTime:0.001180s ]
NOTIC: [2] require_once(Zend/Mail.php) [<a href='function.require-once'>function.require-once</a>]: failed to open stream: No such file or directory C:\wamp\www\thinkphp\Home\Lib\Action\MailAction.class.php 第 31 行.

[ 2016-05-31T16:22:59+08:00 ] 127.0.0.1 /Mail/send1
INFO: [ route_check ] --START--
INFO: CheckRoute Behavior ::run [ RunTime:0.000875s ]
INFO: [ route_check ] --END-- [ RunTime:0.000998s ]
INFO: [ app_begin ] --START--
INFO: ReadHtmlCache Behavior ::run [ RunTime:0.000648s ]
INFO: [ app_begin ] --END-- [ RunTime:0.000769s ]
NOTIC: [2] require_once(Zend/Mail.php) [<a href='function.require-once'>function.require-once</a>]: failed to open stream: No such file or directory C:\wamp\www\thinkphp\Home\Lib\Action\MailAction.class.php 第 31 行.

[ 2016-05-31T16:22:59+08:00 ] 127.0.0.1 /Mail/send1
INFO: [ route_check ] --START--
INFO: CheckRoute Behavior ::run [ RunTime:0.000950s ]
INFO: [ route_check ] --END-- [ RunTime:0.001201s ]
INFO: [ app_begin ] --START--
INFO: ReadHtmlCache Behavior ::run [ RunTime:0.000656s ]
INFO: [ app_begin ] --END-- [ RunTime:0.000760s ]
NOTIC: [2] require_once(Zend/Mail.php) [<a href='function.require-once'>function.require-once</a>]: failed to open stream: No such file or directory C:\wamp\www\thinkphp\Home\Lib\Action\MailAction.class.php 第 31 行.

[ 2016-05-31T16:22:59+08:00 ] 127.0.0.1 /Mail/send1
INFO: [ route_check ] --START--
INFO: CheckRoute Behavior ::run [ RunTime:0.000898s ]
INFO: [ route_check ] --END-- [ RunTime:0.001035s ]
INFO: [ app_begin ] --START--
INFO: ReadHtmlCache Behavior ::run [ RunTime:0.000714s ]
INFO: [ app_begin ] --END-- [ RunTime:0.000813s ]
NOTIC: [2] require_once(Zend/Mail.php) [<a href='function.require-once'>function.require-once</a>]: failed to open stream: No such file or directory C:\wamp\www\thinkphp\Home\Lib\Action\MailAction.class.php 第 31 行.

[ 2016-05-31T16:22:59+08:00 ] 127.0.0.1 /Mail/send1
INFO: [ route_check ] --START--
INFO: CheckRoute Behavior ::run [ RunTime:0.000827s ]
INFO: [ route_check ] --END-- [ RunTime:0.000943s ]
INFO: [ app_begin ] --START--
INFO: ReadHtmlCache Behavior ::run [ RunTime:0.000650s ]
INFO: [ app_begin ] --END-- [ RunTime:0.000745s ]
NOTIC: [2] require_once(Zend/Mail.php) [<a href='function.require-once'>function.require-once</a>]: failed to open stream: No such file or directory C:\wamp\www\thinkphp\Home\Lib\Action\MailAction.class.php 第 31 行.

[ 2016-05-31T16:22:59+08:00 ] 127.0.0.1 /Mail/send1
INFO: [ route_check ] --START--
INFO: CheckRoute Behavior ::run [ RunTime:0.000868s ]
INFO: [ route_check ] --END-- [ RunTime:0.000992s ]
INFO: [ app_begin ] --START--
INFO: ReadHtmlCache Behavior ::run [ RunTime:0.000678s ]
INFO: [ app_begin ] --END-- [ RunTime:0.000776s ]
NOTIC: [2] require_once(Zend/Mail.php) [<a href='function.require-once'>function.require-once</a>]: failed to open stream: No such file or directory C:\wamp\www\thinkphp\Home\Lib\Action\MailAction.class.php 第 31 行.

[ 2016-05-31T16:22:59+08:00 ] 127.0.0.1 /Mail/send1
INFO: [ route_check ] --START--
INFO: CheckRoute Behavior ::run [ RunTime:0.001090s ]
INFO: [ route_check ] --END-- [ RunTime:0.001213s ]
INFO: [ app_begin ] --START--
INFO: ReadHtmlCache Behavior ::run [ RunTime:0.000704s ]
INFO: [ app_begin ] --END-- [ RunTime:0.000876s ]
NOTIC: [2] require_once(Zend/Mail.php) [<a href='function.require-once'>function.require-once</a>]: failed to open stream: No such file or directory C:\wamp\www\thinkphp\Home\Lib\Action\MailAction.class.php 第 31 行.

[ 2016-05-31T16:23:06+08:00 ] 127.0.0.1 /Mail/send1
INFO: [ route_check ] --START--
INFO: CheckRoute Behavior ::run [ RunTime:0.000866s ]
INFO: [ route_check ] --END-- [ RunTime:0.000983s ]
INFO: [ app_begin ] --START--
INFO: ReadHtmlCache Behavior ::run [ RunTime:0.001076s ]
INFO: [ app_begin ] --END-- [ RunTime:0.001198s ]
NOTIC: [2] require_once(Zend/Mail.php) [<a href='function.require-once'>function.require-once</a>]: failed to open stream: No such file or directory C:\wamp\www\thinkphp\Home\Lib\Action\MailAction.class.php 第 31 行.

[ 2016-05-31T16:23:07+08:00 ] 127.0.0.1 /Mail/send1
INFO: [ route_check ] --START--
INFO: CheckRoute Behavior ::run [ RunTime:0.001261s ]
INFO: [ route_check ] --END-- [ RunTime:0.001460s ]
INFO: [ app_begin ] --START--
INFO: ReadHtmlCache Behavior ::run [ RunTime:0.000746s ]
INFO: [ app_begin ] --END-- [ RunTime:0.000851s ]
NOTIC: [2] require_once(Zend/Mail.php) [<a href='function.require-once'>function.require-once</a>]: failed to open stream: No such file or directory C:\wamp\www\thinkphp\Home\Lib\Action\MailAction.class.php 第 31 行.

[ 2016-05-31T16:23:07+08:00 ] 127.0.0.1 /Mail/send1
INFO: [ route_check ] --START--
INFO: CheckRoute Behavior ::run [ RunTime:0.000842s ]
INFO: [ route_check ] --END-- [ RunTime:0.000962s ]
INFO: [ app_begin ] --START--
INFO: ReadHtmlCache Behavior ::run [ RunTime:0.000744s ]
INFO: [ app_begin ] --END-- [ RunTime:0.000882s ]
NOTIC: [2] require_once(Zend/Mail.php) [<a href='function.require-once'>function.require-once</a>]: failed to open stream: No such file or directory C:\wamp\www\thinkphp\Home\Lib\Action\MailAction.class.php 第 31 行.

[ 2016-05-31T16:23:07+08:00 ] 127.0.0.1 /Mail/send1
INFO: [ route_check ] --START--
INFO: CheckRoute Behavior ::run [ RunTime:0.001436s ]
INFO: [ route_check ] --END-- [ RunTime:0.001612s ]
INFO: [ app_begin ] --START--
INFO: ReadHtmlCache Behavior ::run [ RunTime:0.001068s ]
INFO: [ app_begin ] --END-- [ RunTime:0.001240s ]
NOTIC: [2] require_once(Zend/Mail.php) [<a href='function.require-once'>function.require-once</a>]: failed to open stream: No such file or directory C:\wamp\www\thinkphp\Home\Lib\Action\MailAction.class.php 第 31 行.

[ 2016-05-31T16:23:07+08:00 ] 127.0.0.1 /Mail/send1
INFO: [ route_check ] --START--
INFO: CheckRoute Behavior ::run [ RunTime:0.001374s ]
INFO: [ route_check ] --END-- [ RunTime:0.001565s ]
INFO: [ app_begin ] --START--
INFO: ReadHtmlCache Behavior ::run [ RunTime:0.000872s ]
INFO: [ app_begin ] --END-- [ RunTime:0.000991s ]
NOTIC: [2] require_once(Zend/Mail.php) [<a href='function.require-once'>function.require-once</a>]: failed to open stream: No such file or directory C:\wamp\www\thinkphp\Home\Lib\Action\MailAction.class.php 第 31 行.

[ 2016-05-31T16:23:07+08:00 ] 127.0.0.1 /Mail/send1
INFO: [ route_check ] --START--
INFO: CheckRoute Behavior ::run [ RunTime:0.000848s ]
INFO: [ route_check ] --END-- [ RunTime:0.000963s ]
INFO: [ app_begin ] --START--
INFO: ReadHtmlCache Behavior ::run [ RunTime:0.000899s ]
INFO: [ app_begin ] --END-- [ RunTime:0.001067s ]
NOTIC: [2] require_once(Zend/Mail.php) [<a href='function.require-once'>function.require-once</a>]: failed to open stream: No such file or directory C:\wamp\www\thinkphp\Home\Lib\Action\MailAction.class.php 第 31 行.

[ 2016-05-31T16:23:07+08:00 ] 127.0.0.1 /Mail/send1
INFO: [ route_check ] --START--
INFO: CheckRoute Behavior ::run [ RunTime:0.001304s ]
INFO: [ route_check ] --END-- [ RunTime:0.001465s ]
INFO: [ app_begin ] --START--
INFO: ReadHtmlCache Behavior ::run [ RunTime:0.000854s ]
INFO: [ app_begin ] --END-- [ RunTime:0.000985s ]
NOTIC: [2] require_once(Zend/Mail.php) [<a href='function.require-once'>function.require-once</a>]: failed to open stream: No such file or directory C:\wamp\www\thinkphp\Home\Lib\Action\MailAction.class.php 第 31 行.

[ 2016-05-31T16:23:07+08:00 ] 127.0.0.1 /Mail/send1
INFO: [ route_check ] --START--
INFO: CheckRoute Behavior ::run [ RunTime:0.001266s ]
INFO: [ route_check ] --END-- [ RunTime:0.001499s ]
INFO: [ app_begin ] --START--
INFO: ReadHtmlCache Behavior ::run [ RunTime:0.001060s ]
INFO: [ app_begin ] --END-- [ RunTime:0.001233s ]
NOTIC: [2] require_once(Zend/Mail.php) [<a href='function.require-once'>function.require-once</a>]: failed to open stream: No such file or directory C:\wamp\www\thinkphp\Home\Lib\Action\MailAction.class.php 第 31 行.

[ 2016-05-31T16:23:07+08:00 ] 127.0.0.1 /Mail/send1
INFO: [ route_check ] --START--
INFO: CheckRoute Behavior ::run [ RunTime:0.001330s ]
INFO: [ route_check ] --END-- [ RunTime:0.001472s ]
INFO: [ app_begin ] --START--
INFO: ReadHtmlCache Behavior ::run [ RunTime:0.000739s ]
INFO: [ app_begin ] --END-- [ RunTime:0.000841s ]
NOTIC: [2] require_once(Zend/Mail.php) [<a href='function.require-once'>function.require-once</a>]: failed to open stream: No such file or directory C:\wamp\www\thinkphp\Home\Lib\Action\MailAction.class.php 第 31 行.

[ 2016-05-31T16:23:07+08:00 ] 127.0.0.1 /Mail/send1
INFO: [ route_check ] --START--
INFO: CheckRoute Behavior ::run [ RunTime:0.001217s ]
INFO: [ route_check ] --END-- [ RunTime:0.001367s ]
INFO: [ app_begin ] --START--
INFO: ReadHtmlCache Behavior ::run [ RunTime:0.004851s ]
INFO: [ app_begin ] --END-- [ RunTime:0.005040s ]
NOTIC: [2] require_once(Zend/Mail.php) [<a href='function.require-once'>function.require-once</a>]: failed to open stream: No such file or directory C:\wamp\www\thinkphp\Home\Lib\Action\MailAction.class.php 第 31 行.

[ 2016-05-31T16:23:07+08:00 ] 127.0.0.1 /Mail/send1
INFO: [ route_check ] --START--
INFO: CheckRoute Behavior ::run [ RunTime:0.001156s ]
INFO: [ route_check ] --END-- [ RunTime:0.001318s ]
INFO: [ app_begin ] --START--
INFO: ReadHtmlCache Behavior ::run [ RunTime:0.000929s ]
INFO: [ app_begin ] --END-- [ RunTime:0.001038s ]
NOTIC: [2] require_once(Zend/Mail.php) [<a href='function.require-once'>function.require-once</a>]: failed to open stream: No such file or directory C:\wamp\www\thinkphp\Home\Lib\Action\MailAction.class.php 第 31 行.

[ 2016-05-31T16:23:07+08:00 ] 127.0.0.1 /Mail/send1
INFO: [ route_check ] --START--
INFO: CheckRoute Behavior ::run [ RunTime:0.001243s ]
INFO: [ route_check ] --END-- [ RunTime:0.001429s ]
INFO: [ app_begin ] --START--
INFO: ReadHtmlCache Behavior ::run [ RunTime:0.000635s ]
INFO: [ app_begin ] --END-- [ RunTime:0.000728s ]
NOTIC: [2] require_once(Zend/Mail.php) [<a href='function.require-once'>function.require-once</a>]: failed to open stream: No such file or directory C:\wamp\www\thinkphp\Home\Lib\Action\MailAction.class.php 第 31 行.

[ 2016-05-31T16:23:07+08:00 ] 127.0.0.1 /Mail/send1
INFO: [ route_check ] --START--
INFO: CheckRoute Behavior ::run [ RunTime:0.000876s ]
INFO: [ route_check ] --END-- [ RunTime:0.000989s ]
INFO: [ app_begin ] --START--
INFO: ReadHtmlCache Behavior ::run [ RunTime:0.000615s ]
INFO: [ app_begin ] --END-- [ RunTime:0.000703s ]
NOTIC: [2] require_once(Zend/Mail.php) [<a href='function.require-once'>function.require-once</a>]: failed to open stream: No such file or directory C:\wamp\www\thinkphp\Home\Lib\Action\MailAction.class.php 第 31 行.

[ 2016-05-31T16:24:18+08:00 ] 127.0.0.1 /Mail/send1
INFO: [ route_check ] --START--
INFO: CheckRoute Behavior ::run [ RunTime:0.002063s ]
INFO: [ route_check ] --END-- [ RunTime:0.002249s ]
INFO: [ app_begin ] --START--
INFO: ReadHtmlCache Behavior ::run [ RunTime:0.000744s ]
INFO: [ app_begin ] --END-- [ RunTime:0.000838s ]

[ 2016-05-31T16:24:20+08:00 ] 127.0.0.1 /Mail/send1
INFO: [ route_check ] --START--
INFO: CheckRoute Behavior ::run [ RunTime:0.000999s ]
INFO: [ route_check ] --END-- [ RunTime:0.001137s ]
INFO: [ app_begin ] --START--
INFO: ReadHtmlCache Behavior ::run [ RunTime:0.001038s ]
INFO: [ app_begin ] --END-- [ RunTime:0.001192s ]

[ 2016-05-31T16:24:20+08:00 ] 127.0.0.1 /Mail/send1
INFO: [ route_check ] --START--
INFO: CheckRoute Behavior ::run [ RunTime:0.001030s ]
INFO: [ route_check ] --END-- [ RunTime:0.001145s ]
INFO: [ app_begin ] --START--
INFO: ReadHtmlCache Behavior ::run [ RunTime:0.000812s ]
INFO: [ app_begin ] --END-- [ RunTime:0.000914s ]

[ 2016-05-31T16:24:20+08:00 ] 127.0.0.1 /Mail/send1
INFO: [ route_check ] --START--
INFO: CheckRoute Behavior ::run [ RunTime:0.001237s ]
INFO: [ route_check ] --END-- [ RunTime:0.001397s ]
INFO: [ app_begin ] --START--
INFO: ReadHtmlCache Behavior ::run [ RunTime:0.001068s ]
INFO: [ app_begin ] --END-- [ RunTime:0.001306s ]

[ 2016-05-31T16:24:20+08:00 ] 127.0.0.1 /Mail/send1
INFO: [ route_check ] --START--
INFO: CheckRoute Behavior ::run [ RunTime:0.001555s ]
INFO: [ route_check ] --END-- [ RunTime:0.001761s ]
INFO: [ app_begin ] --START--
INFO: ReadHtmlCache Behavior ::run [ RunTime:0.001187s ]
INFO: [ app_begin ] --END-- [ RunTime:0.001368s ]

[ 2016-05-31T16:24:20+08:00 ] 127.0.0.1 /Mail/send1
INFO: [ route_check ] --START--
INFO: CheckRoute Behavior ::run [ RunTime:0.001280s ]
INFO: [ route_check ] --END-- [ RunTime:0.001669s ]
INFO: [ app_begin ] --START--
INFO: ReadHtmlCache Behavior ::run [ RunTime:0.001019s ]
INFO: [ app_begin ] --END-- [ RunTime:0.001220s ]

[ 2016-05-31T16:24:20+08:00 ] 127.0.0.1 /Mail/send1
INFO: [ route_check ] --START--
INFO: CheckRoute Behavior ::run [ RunTime:0.001492s ]
INFO: [ route_check ] --END-- [ RunTime:0.001691s ]
INFO: [ app_begin ] --START--
INFO: ReadHtmlCache Behavior ::run [ RunTime:0.001007s ]
INFO: [ app_begin ] --END-- [ RunTime:0.001177s ]

[ 2016-05-31T16:24:20+08:00 ] 127.0.0.1 /Mail/send1
INFO: [ route_check ] --START--
INFO: CheckRoute Behavior ::run [ RunTime:0.001282s ]
INFO: [ route_check ] --END-- [ RunTime:0.001483s ]
INFO: [ app_begin ] --START--
INFO: ReadHtmlCache Behavior ::run [ RunTime:0.000655s ]
INFO: [ app_begin ] --END-- [ RunTime:0.000774s ]

[ 2016-05-31T16:24:20+08:00 ] 127.0.0.1 /Mail/send1
INFO: [ route_check ] --START--
INFO: CheckRoute Behavior ::run [ RunTime:0.000973s ]
INFO: [ route_check ] --END-- [ RunTime:0.001091s ]
INFO: [ app_begin ] --START--
INFO: ReadHtmlCache Behavior ::run [ RunTime:0.002899s ]
INFO: [ app_begin ] --END-- [ RunTime:0.003015s ]

[ 2016-05-31T16:24:20+08:00 ] 127.0.0.1 /Mail/send1
INFO: [ route_check ] --START--
INFO: CheckRoute Behavior ::run [ RunTime:0.000761s ]
INFO: [ route_check ] --END-- [ RunTime:0.000879s ]
INFO: [ app_begin ] --START--
INFO: ReadHtmlCache Behavior ::run [ RunTime:0.000607s ]
INFO: [ app_begin ] --END-- [ RunTime:0.000699s ]

[ 2016-05-31T16:25:12+08:00 ] 127.0.0.1 /Mail/send1
INFO: [ route_check ] --START--
INFO: CheckRoute Behavior ::run [ RunTime:0.001087s ]
INFO: [ route_check ] --END-- [ RunTime:0.001584s ]
INFO: [ app_begin ] --START--
INFO: ReadHtmlCache Behavior ::run [ RunTime:0.000823s ]
INFO: [ app_begin ] --END-- [ RunTime:0.000950s ]

[ 2016-05-31T16:25:42+08:00 ] 127.0.0.1 /Mail/send1
INFO: [ route_check ] --START--
INFO: CheckRoute Behavior ::run [ RunTime:0.003538s ]
INFO: [ route_check ] --END-- [ RunTime:0.003744s ]
INFO: [ app_begin ] --START--
INFO: ReadHtmlCache Behavior ::run [ RunTime:0.001017s ]
INFO: [ app_begin ] --END-- [ RunTime:0.001195s ]

[ 2016-05-31T16:25:43+08:00 ] 127.0.0.1 /Mail/send1
INFO: [ route_check ] --START--
INFO: CheckRoute Behavior ::run [ RunTime:0.000968s ]
INFO: [ route_check ] --END-- [ RunTime:0.001142s ]
INFO: [ app_begin ] --START--
INFO: ReadHtmlCache Behavior ::run [ RunTime:0.000950s ]
INFO: [ app_begin ] --END-- [ RunTime:0.001112s ]

[ 2016-05-31T16:25:44+08:00 ] 127.0.0.1 /Mail/send1
INFO: [ route_check ] --START--
INFO: CheckRoute Behavior ::run [ RunTime:0.000885s ]
INFO: [ route_check ] --END-- [ RunTime:0.001014s ]
INFO: [ app_begin ] --START--
INFO: ReadHtmlCache Behavior ::run [ RunTime:0.000744s ]
INFO: [ app_begin ] --END-- [ RunTime:0.000860s ]

[ 2016-05-31T16:25:44+08:00 ] 127.0.0.1 /Mail/send1
INFO: [ route_check ] --START--
INFO: CheckRoute Behavior ::run [ RunTime:0.000983s ]
INFO: [ route_check ] --END-- [ RunTime:0.001145s ]
INFO: [ app_begin ] --START--
INFO: ReadHtmlCache Behavior ::run [ RunTime:0.001272s ]
INFO: [ app_begin ] --END-- [ RunTime:0.001437s ]

[ 2016-05-31T16:25:44+08:00 ] 127.0.0.1 /Mail/send1
INFO: [ route_check ] --START--
INFO: CheckRoute Behavior ::run [ RunTime:0.001000s ]
INFO: [ route_check ] --END-- [ RunTime:0.001110s ]
INFO: [ app_begin ] --START--
INFO: ReadHtmlCache Behavior ::run [ RunTime:0.000836s ]
INFO: [ app_begin ] --END-- [ RunTime:0.000939s ]

[ 2016-05-31T16:27:04+08:00 ] 127.0.0.1 /Mail/send1
INFO: [ route_check ] --START--
INFO: CheckRoute Behavior ::run [ RunTime:0.001247s ]
INFO: [ route_check ] --END-- [ RunTime:0.001400s ]
INFO: [ app_begin ] --START--
INFO: ReadHtmlCache Behavior ::run [ RunTime:0.000960s ]
INFO: [ app_begin ] --END-- [ RunTime:0.001078s ]

[ 2016-05-31T16:27:05+08:00 ] 127.0.0.1 /Mail/send1
INFO: [ route_check ] --START--
INFO: CheckRoute Behavior ::run [ RunTime:0.001563s ]
INFO: [ route_check ] --END-- [ RunTime:0.001836s ]
INFO: [ app_begin ] --START--
INFO: ReadHtmlCache Behavior ::run [ RunTime:0.000880s ]
INFO: [ app_begin ] --END-- [ RunTime:0.000988s ]

[ 2016-05-31T16:27:11+08:00 ] 127.0.0.1 /Mail/send1
INFO: [ route_check ] --START--
INFO: CheckRoute Behavior ::run [ RunTime:0.001669s ]
INFO: [ route_check ] --END-- [ RunTime:0.001885s ]
INFO: [ app_begin ] --START--
INFO: ReadHtmlCache Behavior ::run [ RunTime:0.000963s ]
INFO: [ app_begin ] --END-- [ RunTime:0.001077s ]

[ 2016-05-31T16:27:12+08:00 ] 127.0.0.1 /Mail/send1
INFO: [ route_check ] --START--
INFO: CheckRoute Behavior ::run [ RunTime:0.001004s ]
INFO: [ route_check ] --END-- [ RunTime:0.001136s ]
INFO: [ app_begin ] --START--
INFO: ReadHtmlCache Behavior ::run [ RunTime:0.000740s ]
INFO: [ app_begin ] --END-- [ RunTime:0.000850s ]

[ 2016-05-31T16:27:12+08:00 ] 127.0.0.1 /Mail/send1
INFO: [ route_check ] --START--
INFO: CheckRoute Behavior ::run [ RunTime:0.001505s ]
INFO: [ route_check ] --END-- [ RunTime:0.001702s ]
INFO: [ app_begin ] --START--
INFO: ReadHtmlCache Behavior ::run [ RunTime:0.001347s ]
INFO: [ app_begin ] --END-- [ RunTime:0.001529s ]

[ 2016-05-31T16:27:12+08:00 ] 127.0.0.1 /Mail/send1
INFO: [ route_check ] --START--
INFO: CheckRoute Behavior ::run [ RunTime:0.001839s ]
INFO: [ route_check ] --END-- [ RunTime:0.002035s ]
INFO: [ app_begin ] --START--
INFO: ReadHtmlCache Behavior ::run [ RunTime:0.002122s ]
INFO: [ app_begin ] --END-- [ RunTime:0.002377s ]

[ 2016-05-31T16:27:12+08:00 ] 127.0.0.1 /Mail/send1
INFO: [ route_check ] --START--
INFO: CheckRoute Behavior ::run [ RunTime:0.003409s ]
INFO: [ route_check ] --END-- [ RunTime:0.003598s ]
INFO: [ app_begin ] --START--
INFO: ReadHtmlCache Behavior ::run [ RunTime:0.000776s ]
INFO: [ app_begin ] --END-- [ RunTime:0.000905s ]

[ 2016-05-31T16:27:12+08:00 ] 127.0.0.1 /Mail/send1
INFO: [ route_check ] --START--
INFO: CheckRoute Behavior ::run [ RunTime:0.001589s ]
INFO: [ route_check ] --END-- [ RunTime:0.001817s ]
INFO: [ app_begin ] --START--
INFO: ReadHtmlCache Behavior ::run [ RunTime:0.004347s ]
INFO: [ app_begin ] --END-- [ RunTime:0.004545s ]

[ 2016-05-31T16:27:12+08:00 ] 127.0.0.1 /Mail/send1
INFO: [ route_check ] --START--
INFO: CheckRoute Behavior ::run [ RunTime:0.000953s ]
INFO: [ route_check ] --END-- [ RunTime:0.001080s ]
INFO: [ app_begin ] --START--
INFO: ReadHtmlCache Behavior ::run [ RunTime:0.001000s ]
INFO: [ app_begin ] --END-- [ RunTime:0.001174s ]

[ 2016-05-31T16:27:12+08:00 ] 127.0.0.1 /Mail/send1
INFO: [ route_check ] --START--
INFO: CheckRoute Behavior ::run [ RunTime:0.001227s ]
INFO: [ route_check ] --END-- [ RunTime:0.001447s ]
INFO: [ app_begin ] --START--
INFO: ReadHtmlCache Behavior ::run [ RunTime:0.000817s ]
INFO: [ app_begin ] --END-- [ RunTime:0.000924s ]

[ 2016-05-31T16:27:12+08:00 ] 127.0.0.1 /Mail/send1
INFO: [ route_check ] --START--
INFO: CheckRoute Behavior ::run [ RunTime:0.000974s ]
INFO: [ route_check ] --END-- [ RunTime:0.001135s ]
INFO: [ app_begin ] --START--
INFO: ReadHtmlCache Behavior ::run [ RunTime:0.002492s ]
INFO: [ app_begin ] --END-- [ RunTime:0.002651s ]

[ 2016-05-31T16:27:12+08:00 ] 127.0.0.1 /Mail/send1
INFO: [ route_check ] --START--
INFO: CheckRoute Behavior ::run [ RunTime:0.002837s ]
INFO: [ route_check ] --END-- [ RunTime:0.003011s ]
INFO: [ app_begin ] --START--
INFO: ReadHtmlCache Behavior ::run [ RunTime:0.001265s ]
INFO: [ app_begin ] --END-- [ RunTime:0.001439s ]

[ 2016-05-31T16:27:12+08:00 ] 127.0.0.1 /Mail/send1
INFO: [ route_check ] --START--
INFO: CheckRoute Behavior ::run [ RunTime:0.001606s ]
INFO: [ route_check ] --END-- [ RunTime:0.001811s ]
INFO: [ app_begin ] --START--
INFO: ReadHtmlCache Behavior ::run [ RunTime:0.004904s ]
INFO: [ app_begin ] --END-- [ RunTime:0.005073s ]

[ 2016-05-31T16:27:13+08:00 ] 127.0.0.1 /Mail/send1
INFO: [ route_check ] --START--
INFO: CheckRoute Behavior ::run [ RunTime:0.005996s ]
INFO: [ route_check ] --END-- [ RunTime:0.006237s ]
INFO: [ app_begin ] --START--
INFO: ReadHtmlCache Behavior ::run [ RunTime:0.001445s ]
INFO: [ app_begin ] --END-- [ RunTime:0.001643s ]

[ 2016-05-31T16:27:13+08:00 ] 127.0.0.1 /Mail/send1
INFO: [ route_check ] --START--
INFO: CheckRoute Behavior ::run [ RunTime:0.001215s ]
INFO: [ route_check ] --END-- [ RunTime:0.001345s ]
INFO: [ app_begin ] --START--
INFO: ReadHtmlCache Behavior ::run [ RunTime:0.000957s ]
INFO: [ app_begin ] --END-- [ RunTime:0.001307s ]

[ 2016-05-31T16:27:53+08:00 ] 127.0.0.1 /Mail/send1
INFO: [ route_check ] --START--
INFO: CheckRoute Behavior ::run [ RunTime:0.000842s ]
INFO: [ route_check ] --END-- [ RunTime:0.000955s ]
INFO: [ app_begin ] --START--
INFO: ReadHtmlCache Behavior ::run [ RunTime:0.000896s ]
INFO: [ app_begin ] --END-- [ RunTime:0.001042s ]

[ 2016-05-31T16:28:01+08:00 ] 127.0.0.1 /Mail/send1
INFO: [ route_check ] --START--
INFO: CheckRoute Behavior ::run [ RunTime:0.001195s ]
INFO: [ route_check ] --END-- [ RunTime:0.001395s ]
INFO: [ app_begin ] --START--
INFO: ReadHtmlCache Behavior ::run [ RunTime:0.000856s ]
INFO: [ app_begin ] --END-- [ RunTime:0.000995s ]

[ 2016-05-31T16:29:25+08:00 ] 127.0.0.1 /Mail/send1
INFO: [ route_check ] --START--
INFO: CheckRoute Behavior ::run [ RunTime:0.001003s ]
INFO: [ route_check ] --END-- [ RunTime:0.001128s ]
INFO: [ app_begin ] --START--
INFO: ReadHtmlCache Behavior ::run [ RunTime:0.000973s ]
INFO: [ app_begin ] --END-- [ RunTime:0.001103s ]

[ 2016-05-31T16:29:26+08:00 ] 127.0.0.1 /Mail/send1
INFO: [ route_check ] --START--
INFO: CheckRoute Behavior ::run [ RunTime:0.000887s ]
INFO: [ route_check ] --END-- [ RunTime:0.001004s ]
INFO: [ app_begin ] --START--
INFO: ReadHtmlCache Behavior ::run [ RunTime:0.000845s ]
INFO: [ app_begin ] --END-- [ RunTime:0.000940s ]

[ 2016-05-31T16:29:26+08:00 ] 127.0.0.1 /Mail/send1
INFO: [ route_check ] --START--
INFO: CheckRoute Behavior ::run [ RunTime:0.000977s ]
INFO: [ route_check ] --END-- [ RunTime:0.001122s ]
INFO: [ app_begin ] --START--
INFO: ReadHtmlCache Behavior ::run [ RunTime:0.000675s ]
INFO: [ app_begin ] --END-- [ RunTime:0.000775s ]

[ 2016-05-31T16:29:26+08:00 ] 127.0.0.1 /Mail/send1
INFO: [ route_check ] --START--
INFO: CheckRoute Behavior ::run [ RunTime:0.001155s ]
INFO: [ route_check ] --END-- [ RunTime:0.001338s ]
INFO: [ app_begin ] --START--
INFO: ReadHtmlCache Behavior ::run [ RunTime:0.001242s ]
INFO: [ app_begin ] --END-- [ RunTime:0.001435s ]

[ 2016-05-31T16:29:26+08:00 ] 127.0.0.1 /Mail/send1
INFO: [ route_check ] --START--
INFO: CheckRoute Behavior ::run [ RunTime:0.000829s ]
INFO: [ route_check ] --END-- [ RunTime:0.000950s ]
INFO: [ app_begin ] --START--
INFO: ReadHtmlCache Behavior ::run [ RunTime:0.000642s ]
INFO: [ app_begin ] --END-- [ RunTime:0.000745s ]

[ 2016-05-31T16:29:26+08:00 ] 127.0.0.1 /Mail/send1
INFO: [ route_check ] --START--
INFO: CheckRoute Behavior ::run [ RunTime:0.003812s ]
INFO: [ route_check ] --END-- [ RunTime:0.004011s ]
INFO: [ app_begin ] --START--
INFO: ReadHtmlCache Behavior ::run [ RunTime:0.001139s ]
INFO: [ app_begin ] --END-- [ RunTime:0.001317s ]

[ 2016-05-31T16:29:26+08:00 ] 127.0.0.1 /Mail/send1
INFO: [ route_check ] --START--
INFO: CheckRoute Behavior ::run [ RunTime:0.002282s ]
INFO: [ route_check ] --END-- [ RunTime:0.002452s ]
INFO: [ app_begin ] --START--
INFO: ReadHtmlCache Behavior ::run [ RunTime:0.000806s ]
INFO: [ app_begin ] --END-- [ RunTime:0.000937s ]

[ 2016-05-31T16:29:26+08:00 ] 127.0.0.1 /Mail/send1
INFO: [ route_check ] --START--
INFO: CheckRoute Behavior ::run [ RunTime:0.001042s ]
INFO: [ route_check ] --END-- [ RunTime:0.001196s ]
INFO: [ app_begin ] --START--
INFO: ReadHtmlCache Behavior ::run [ RunTime:0.000685s ]
INFO: [ app_begin ] --END-- [ RunTime:0.000786s ]

[ 2016-05-31T16:29:26+08:00 ] 127.0.0.1 /Mail/send1
INFO: [ route_check ] --START--
INFO: CheckRoute Behavior ::run [ RunTime:0.001645s ]
INFO: [ route_check ] --END-- [ RunTime:0.001897s ]
INFO: [ app_begin ] --START--
INFO: ReadHtmlCache Behavior ::run [ RunTime:0.001003s ]
INFO: [ app_begin ] --END-- [ RunTime:0.001191s ]

[ 2016-05-31T16:29:26+08:00 ] 127.0.0.1 /Mail/send1
INFO: [ route_check ] --START--
INFO: CheckRoute Behavior ::run [ RunTime:0.000937s ]
INFO: [ route_check ] --END-- [ RunTime:0.001060s ]
INFO: [ app_begin ] --START--
INFO: ReadHtmlCache Behavior ::run [ RunTime:0.000618s ]
INFO: [ app_begin ] --END-- [ RunTime:0.000713s ]

[ 2016-05-31T16:29:26+08:00 ] 127.0.0.1 /Mail/send1
INFO: [ route_check ] --START--
INFO: CheckRoute Behavior ::run [ RunTime:0.001417s ]
INFO: [ route_check ] --END-- [ RunTime:0.001622s ]
INFO: [ app_begin ] --START--
INFO: ReadHtmlCache Behavior ::run [ RunTime:0.000985s ]
INFO: [ app_begin ] --END-- [ RunTime:0.001131s ]

[ 2016-05-31T16:29:26+08:00 ] 127.0.0.1 /Mail/send1
INFO: [ route_check ] --START--
INFO: CheckRoute Behavior ::run [ RunTime:0.000931s ]
INFO: [ route_check ] --END-- [ RunTime:0.001046s ]
INFO: [ app_begin ] --START--
INFO: ReadHtmlCache Behavior ::run [ RunTime:0.000688s ]
INFO: [ app_begin ] --END-- [ RunTime:0.000790s ]

[ 2016-05-31T16:29:39+08:00 ] 127.0.0.1 /Mail/send1
INFO: [ route_check ] --START--
INFO: CheckRoute Behavior ::run [ RunTime:0.001314s ]
INFO: [ route_check ] --END-- [ RunTime:0.001440s ]
INFO: [ app_begin ] --START--
INFO: ReadHtmlCache Behavior ::run [ RunTime:0.000708s ]
INFO: [ app_begin ] --END-- [ RunTime:0.000800s ]

[ 2016-05-31T16:29:40+08:00 ] 127.0.0.1 /Mail/send1
INFO: [ route_check ] --START--
INFO: CheckRoute Behavior ::run [ RunTime:0.001083s ]
INFO: [ route_check ] --END-- [ RunTime:0.001206s ]
INFO: [ app_begin ] --START--
INFO: ReadHtmlCache Behavior ::run [ RunTime:0.000713s ]
INFO: [ app_begin ] --END-- [ RunTime:0.000805s ]

[ 2016-05-31T16:29:41+08:00 ] 127.0.0.1 /Mail/send1
INFO: [ route_check ] --START--
INFO: CheckRoute Behavior ::run [ RunTime:0.001528s ]
INFO: [ route_check ] --END-- [ RunTime:0.001688s ]
INFO: [ app_begin ] --START--
INFO: ReadHtmlCache Behavior ::run [ RunTime:0.000858s ]
INFO: [ app_begin ] --END-- [ RunTime:0.000968s ]

[ 2016-05-31T16:29:41+08:00 ] 127.0.0.1 /Mail/send1
INFO: [ route_check ] --START--
INFO: CheckRoute Behavior ::run [ RunTime:0.001328s ]
INFO: [ route_check ] --END-- [ RunTime:0.001571s ]
INFO: [ app_begin ] --START--
INFO: ReadHtmlCache Behavior ::run [ RunTime:0.000912s ]
INFO: [ app_begin ] --END-- [ RunTime:0.001071s ]

[ 2016-05-31T16:29:41+08:00 ] 127.0.0.1 /Mail/send1
INFO: [ route_check ] --START--
INFO: CheckRoute Behavior ::run [ RunTime:0.001077s ]
INFO: [ route_check ] --END-- [ RunTime:0.001233s ]
INFO: [ app_begin ] --START--
INFO: ReadHtmlCache Behavior ::run [ RunTime:0.000647s ]
INFO: [ app_begin ] --END-- [ RunTime:0.000739s ]

[ 2016-05-31T16:29:42+08:00 ] 127.0.0.1 /Mail/send1
INFO: [ route_check ] --START--
INFO: CheckRoute Behavior ::run [ RunTime:0.001242s ]
INFO: [ route_check ] --END-- [ RunTime:0.001399s ]
INFO: [ app_begin ] --START--
INFO: ReadHtmlCache Behavior ::run [ RunTime:0.000760s ]
INFO: [ app_begin ] --END-- [ RunTime:0.000862s ]

[ 2016-05-31T16:30:02+08:00 ] 127.0.0.1 /Mail/send1
INFO: [ route_check ] --START--
INFO: CheckRoute Behavior ::run [ RunTime:0.001043s ]
INFO: [ route_check ] --END-- [ RunTime:0.001172s ]
INFO: [ app_begin ] --START--
INFO: ReadHtmlCache Behavior ::run [ RunTime:0.001101s ]
INFO: [ app_begin ] --END-- [ RunTime:0.001281s ]

[ 2016-05-31T16:30:14+08:00 ] 127.0.0.1 /Mail/send1
INFO: [ route_check ] --START--
INFO: CheckRoute Behavior ::run [ RunTime:0.000985s ]
INFO: [ route_check ] --END-- [ RunTime:0.001100s ]
INFO: [ app_begin ] --START--
INFO: ReadHtmlCache Behavior ::run [ RunTime:0.000663s ]
INFO: [ app_begin ] --END-- [ RunTime:0.000765s ]

[ 2016-05-31T16:30:24+08:00 ] 127.0.0.1 /Mail/send1
INFO: [ route_check ] --START--
INFO: CheckRoute Behavior ::run [ RunTime:0.000949s ]
INFO: [ route_check ] --END-- [ RunTime:0.001063s ]
INFO: [ app_begin ] --START--
INFO: ReadHtmlCache Behavior ::run [ RunTime:0.000611s ]
INFO: [ app_begin ] --END-- [ RunTime:0.000700s ]

[ 2016-05-31T16:30:32+08:00 ] 127.0.0.1 /Mail/send1
INFO: [ route_check ] --START--
INFO: CheckRoute Behavior ::run [ RunTime:0.001056s ]
INFO: [ route_check ] --END-- [ RunTime:0.001209s ]
INFO: [ app_begin ] --START--
INFO: ReadHtmlCache Behavior ::run [ RunTime:0.000794s ]
INFO: [ app_begin ] --END-- [ RunTime:0.000950s ]

[ 2016-05-31T16:31:00+08:00 ] 127.0.0.1 /Mail/send1
INFO: [ route_check ] --START--
INFO: CheckRoute Behavior ::run [ RunTime:0.001460s ]
INFO: [ route_check ] --END-- [ RunTime:0.001626s ]
INFO: [ app_begin ] --START--
INFO: ReadHtmlCache Behavior ::run [ RunTime:0.000663s ]
INFO: [ app_begin ] --END-- [ RunTime:0.000770s ]

[ 2016-05-31T16:31:20+08:00 ] 127.0.0.1 /Mail/send1
INFO: [ route_check ] --START--
INFO: CheckRoute Behavior ::run [ RunTime:0.001976s ]
INFO: [ route_check ] --END-- [ RunTime:0.002145s ]
INFO: [ app_begin ] --START--
INFO: ReadHtmlCache Behavior ::run [ RunTime:0.001119s ]
INFO: [ app_begin ] --END-- [ RunTime:0.001303s ]

[ 2016-05-31T16:31:41+08:00 ] 127.0.0.1 /Mail/send1
INFO: [ route_check ] --START--
INFO: CheckRoute Behavior ::run [ RunTime:0.001165s ]
INFO: [ route_check ] --END-- [ RunTime:0.001278s ]
INFO: [ app_begin ] --START--
INFO: ReadHtmlCache Behavior ::run [ RunTime:0.000835s ]
INFO: [ app_begin ] --END-- [ RunTime:0.000984s ]

[ 2016-05-31T16:31:42+08:00 ] 127.0.0.1 /Mail/send1
INFO: [ route_check ] --START--
INFO: CheckRoute Behavior ::run [ RunTime:0.001821s ]
INFO: [ route_check ] --END-- [ RunTime:0.002031s ]
INFO: [ app_begin ] --START--
INFO: ReadHtmlCache Behavior ::run [ RunTime:0.001155s ]
INFO: [ app_begin ] --END-- [ RunTime:0.001324s ]

[ 2016-05-31T16:31:44+08:00 ] 127.0.0.1 /Mail/send1
INFO: [ route_check ] --START--
INFO: CheckRoute Behavior ::run [ RunTime:0.000969s ]
INFO: [ route_check ] --END-- [ RunTime:0.001088s ]
INFO: [ app_begin ] --START--
INFO: ReadHtmlCache Behavior ::run [ RunTime:0.000836s ]
INFO: [ app_begin ] --END-- [ RunTime:0.000962s ]

[ 2016-05-31T16:31:44+08:00 ] 127.0.0.1 /Mail/send1
INFO: [ route_check ] --START--
INFO: CheckRoute Behavior ::run [ RunTime:0.001335s ]
INFO: [ route_check ] --END-- [ RunTime:0.001503s ]
INFO: [ app_begin ] --START--
INFO: ReadHtmlCache Behavior ::run [ RunTime:0.000677s ]
INFO: [ app_begin ] --END-- [ RunTime:0.000775s ]

[ 2016-05-31T16:31:44+08:00 ] 127.0.0.1 /Mail/send1
INFO: [ route_check ] --START--
INFO: CheckRoute Behavior ::run [ RunTime:0.004742s ]
INFO: [ route_check ] --END-- [ RunTime:0.004915s ]
INFO: [ app_begin ] --START--
INFO: ReadHtmlCache Behavior ::run [ RunTime:0.000734s ]
INFO: [ app_begin ] --END-- [ RunTime:0.000857s ]

[ 2016-05-31T16:31:44+08:00 ] 127.0.0.1 /Mail/send1
INFO: [ route_check ] --START--
INFO: CheckRoute Behavior ::run [ RunTime:0.001682s ]
INFO: [ route_check ] --END-- [ RunTime:0.001926s ]
INFO: [ app_begin ] --START--
INFO: ReadHtmlCache Behavior ::run [ RunTime:0.001301s ]
INFO: [ app_begin ] --END-- [ RunTime:0.001512s ]

[ 2016-05-31T16:31:44+08:00 ] 127.0.0.1 /Mail/send1
INFO: [ route_check ] --START--
INFO: CheckRoute Behavior ::run [ RunTime:0.001768s ]
INFO: [ route_check ] --END-- [ RunTime:0.002080s ]
INFO: [ app_begin ] --START--
INFO: ReadHtmlCache Behavior ::run [ RunTime:0.000933s ]
INFO: [ app_begin ] --END-- [ RunTime:0.001159s ]

[ 2016-05-31T16:31:44+08:00 ] 127.0.0.1 /Mail/send1
INFO: [ route_check ] --START--
INFO: CheckRoute Behavior ::run [ RunTime:0.001916s ]
INFO: [ route_check ] --END-- [ RunTime:0.002146s ]
INFO: [ app_begin ] --START--
INFO: ReadHtmlCache Behavior ::run [ RunTime:0.001312s ]
INFO: [ app_begin ] --END-- [ RunTime:0.001503s ]

[ 2016-05-31T16:31:44+08:00 ] 127.0.0.1 /Mail/send1
INFO: [ route_check ] --START--
INFO: CheckRoute Behavior ::run [ RunTime:0.000847s ]
INFO: [ route_check ] --END-- [ RunTime:0.000969s ]
INFO: [ app_begin ] --START--
INFO: ReadHtmlCache Behavior ::run [ RunTime:0.000850s ]
INFO: [ app_begin ] --END-- [ RunTime:0.000977s ]

[ 2016-05-31T16:31:44+08:00 ] 127.0.0.1 /Mail/send1
INFO: [ route_check ] --START--
INFO: CheckRoute Behavior ::run [ RunTime:0.001376s ]
INFO: [ route_check ] --END-- [ RunTime:0.001565s ]
INFO: [ app_begin ] --START--
INFO: ReadHtmlCache Behavior ::run [ RunTime:0.001177s ]
INFO: [ app_begin ] --END-- [ RunTime:0.001369s ]

[ 2016-05-31T16:31:44+08:00 ] 127.0.0.1 /Mail/send1
INFO: [ route_check ] --START--
INFO: CheckRoute Behavior ::run [ RunTime:0.001631s ]
INFO: [ route_check ] --END-- [ RunTime:0.001838s ]
INFO: [ app_begin ] --START--
INFO: ReadHtmlCache Behavior ::run [ RunTime:0.000948s ]
INFO: [ app_begin ] --END-- [ RunTime:0.001125s ]

[ 2016-05-31T16:31:44+08:00 ] 127.0.0.1 /Mail/send1
INFO: [ route_check ] --START--
INFO: CheckRoute Behavior ::run [ RunTime:0.001193s ]
INFO: [ route_check ] --END-- [ RunTime:0.001331s ]
INFO: [ app_begin ] --START--
INFO: ReadHtmlCache Behavior ::run [ RunTime:0.001104s ]
INFO: [ app_begin ] --END-- [ RunTime:0.001308s ]

[ 2016-05-31T16:31:44+08:00 ] 127.0.0.1 /Mail/send1
INFO: [ route_check ] --START--
INFO: CheckRoute Behavior ::run [ RunTime:0.000908s ]
INFO: [ route_check ] --END-- [ RunTime:0.001026s ]
INFO: [ app_begin ] --START--
INFO: ReadHtmlCache Behavior ::run [ RunTime:0.000727s ]
INFO: [ app_begin ] --END-- [ RunTime:0.000841s ]

[ 2016-05-31T16:31:44+08:00 ] 127.0.0.1 /Mail/send1
INFO: [ route_check ] --START--
INFO: CheckRoute Behavior ::run [ RunTime:0.001185s ]
INFO: [ route_check ] --END-- [ RunTime:0.001350s ]
INFO: [ app_begin ] --START--
INFO: ReadHtmlCache Behavior ::run [ RunTime:0.000635s ]
INFO: [ app_begin ] --END-- [ RunTime:0.000725s ]

[ 2016-05-31T16:31:44+08:00 ] 127.0.0.1 /Mail/send1
INFO: [ route_check ] --START--
INFO: CheckRoute Behavior ::run [ RunTime:0.000996s ]
INFO: [ route_check ] --END-- [ RunTime:0.001113s ]
INFO: [ app_begin ] --START--
INFO: ReadHtmlCache Behavior ::run [ RunTime:0.000854s ]
INFO: [ app_begin ] --END-- [ RunTime:0.000963s ]

[ 2016-05-31T16:31:44+08:00 ] 127.0.0.1 /Mail/send1
INFO: [ route_check ] --START--
INFO: CheckRoute Behavior ::run [ RunTime:0.001311s ]
INFO: [ route_check ] --END-- [ RunTime:0.001496s ]
INFO: [ app_begin ] --START--
INFO: ReadHtmlCache Behavior ::run [ RunTime:0.000748s ]
INFO: [ app_begin ] --END-- [ RunTime:0.000854s ]

[ 2016-05-31T16:32:01+08:00 ] 127.0.0.1 /Mail/send1
INFO: [ route_check ] --START--
INFO: CheckRoute Behavior ::run [ RunTime:0.000836s ]
INFO: [ route_check ] --END-- [ RunTime:0.000952s ]
INFO: [ app_begin ] --START--
INFO: ReadHtmlCache Behavior ::run [ RunTime:0.000715s ]
INFO: [ app_begin ] --END-- [ RunTime:0.000808s ]

[ 2016-05-31T16:32:19+08:00 ] 127.0.0.1 /Mail/send1
INFO: [ route_check ] --START--
INFO: CheckRoute Behavior ::run [ RunTime:0.001405s ]
INFO: [ route_check ] --END-- [ RunTime:0.001609s ]
INFO: [ app_begin ] --START--
INFO: ReadHtmlCache Behavior ::run [ RunTime:0.000790s ]
INFO: [ app_begin ] --END-- [ RunTime:0.000919s ]

[ 2016-05-31T16:32:48+08:00 ] 127.0.0.1 /Mail/send1
INFO: [ route_check ] --START--
INFO: CheckRoute Behavior ::run [ RunTime:0.001296s ]
INFO: [ route_check ] --END-- [ RunTime:0.001485s ]
INFO: [ app_begin ] --START--
INFO: ReadHtmlCache Behavior ::run [ RunTime:0.000725s ]
INFO: [ app_begin ] --END-- [ RunTime:0.000846s ]
NOTIC: [2] require_once(Zend/Validate/Interface) [<a href='function.require-once'>function.require-once</a>]: failed to open stream: No such file or directory C:\wamp\www\thinkphp\Zend\Mail.php 第 26 行.

[ 2016-05-31T16:33:03+08:00 ] 127.0.0.1 /Mail/send1
INFO: [ route_check ] --START--
INFO: CheckRoute Behavior ::run [ RunTime:0.000869s ]
INFO: [ route_check ] --END-- [ RunTime:0.000983s ]
INFO: [ app_begin ] --START--
INFO: ReadHtmlCache Behavior ::run [ RunTime:0.000676s ]
INFO: [ app_begin ] --END-- [ RunTime:0.000768s ]

[ 2016-05-31T16:33:13+08:00 ] 127.0.0.1 /Mail/send1
INFO: [ route_check ] --START--
INFO: CheckRoute Behavior ::run [ RunTime:0.000922s ]
INFO: [ route_check ] --END-- [ RunTime:0.001068s ]
INFO: [ app_begin ] --START--
INFO: ReadHtmlCache Behavior ::run [ RunTime:0.000705s ]
INFO: [ app_begin ] --END-- [ RunTime:0.000805s ]

[ 2016-05-31T16:33:45+08:00 ] 127.0.0.1 /Mail/send1
INFO: [ route_check ] --START--
INFO: CheckRoute Behavior ::run [ RunTime:0.001013s ]
INFO: [ route_check ] --END-- [ RunTime:0.001158s ]
INFO: [ app_begin ] --START--
INFO: ReadHtmlCache Behavior ::run [ RunTime:0.001223s ]
INFO: [ app_begin ] --END-- [ RunTime:0.001390s ]

[ 2016-05-31T16:33:46+08:00 ] 127.0.0.1 /Mail/send1
INFO: [ route_check ] --START--
INFO: CheckRoute Behavior ::run [ RunTime:0.000891s ]
INFO: [ route_check ] --END-- [ RunTime:0.001009s ]
INFO: [ app_begin ] --START--
INFO: ReadHtmlCache Behavior ::run [ RunTime:0.000931s ]
INFO: [ app_begin ] --END-- [ RunTime:0.001031s ]

[ 2016-05-31T16:33:46+08:00 ] 127.0.0.1 /Mail/send1
INFO: [ route_check ] --START--
INFO: CheckRoute Behavior ::run [ RunTime:0.000844s ]
INFO: [ route_check ] --END-- [ RunTime:0.000969s ]
INFO: [ app_begin ] --START--
INFO: ReadHtmlCache Behavior ::run [ RunTime:0.000777s ]
INFO: [ app_begin ] --END-- [ RunTime:0.000883s ]

[ 2016-05-31T16:33:46+08:00 ] 127.0.0.1 /Mail/send1
INFO: [ route_check ] --START--
INFO: CheckRoute Behavior ::run [ RunTime:0.001287s ]
INFO: [ route_check ] --END-- [ RunTime:0.001462s ]
INFO: [ app_begin ] --START--
INFO: ReadHtmlCache Behavior ::run [ RunTime:0.000760s ]
INFO: [ app_begin ] --END-- [ RunTime:0.000897s ]

