[ 2016-05-18T09:56:15+08:00 ] 127.0.0.1 /
INFO: [ app_begin ] --START--
INFO: ReadHtmlCache Behavior ::run [ RunTime:0.001870s ]
INFO: [ app_begin ] --END-- [ RunTime:0.002024s ]
INFO: [ view_parse ] --START--
NOTIC: [8] Undefined index: authnum_session C:\wamp\www\thinkphp\Home\Runtime\Cache\7e4848229090366086cc7eeb3bfc0798.php 第 2 行.
INFO: ParseTemplate Behavior ::run [ RunTime:0.016431s ]
INFO: [ view_parse ] --END-- [ RunTime:0.017164s ]
INFO: [ view_filter ] --START--
INFO: ContentReplace Behavior ::run [ RunTime:0.001249s ]
INFO: TokenBuild Behavior ::run [ RunTime:0.001126s ]
INFO: WriteHtmlCache Behavior ::run [ RunTime:0.000864s ]
INFO: ShowRuntime Behavior ::run [ RunTime:0.001294s ]
INFO: [ view_filter ] --END-- [ RunTime:0.004904s ]
INFO: [ view_end ] --START--
INFO: ShowPageTrace Behavior ::run [ RunTime:0.001253s ]
INFO: [ view_end ] --END-- [ RunTime:0.001344s ]

[ 2016-05-18T09:56:15+08:00 ] 127.0.0.1 /Code
INFO: [ route_check ] --START--
INFO: CheckRoute Behavior ::run [ RunTime:0.001605s ]
INFO: [ route_check ] --END-- [ RunTime:0.001748s ]
INFO: [ app_begin ] --START--
INFO: ReadHtmlCache Behavior ::run [ RunTime:0.000820s ]
INFO: [ app_begin ] --END-- [ RunTime:0.000907s ]

