[ 2016-11-15T08:50:14+08:00 ] 127.0.0.1 /V2/glamulet_de
INFO: [ route_check ] --START--
INFO: CheckRoute Behavior ::run [ RunTime:0.002616s ]
INFO: [ route_check ] --END-- [ RunTime:0.003256s ]
INFO: [ app_begin ] --START--
INFO: ReadHtmlCache Behavior ::run [ RunTime:0.001620s ]
INFO: [ app_begin ] --END-- [ RunTime:0.001828s ]

[ 2016-11-15T08:50:21+08:00 ] 127.0.0.1 /V2/glamulet_de
INFO: [ route_check ] --START--
INFO: CheckRoute Behavior ::run [ RunTime:0.001656s ]
INFO: [ route_check ] --END-- [ RunTime:0.001882s ]
INFO: [ app_begin ] --START--
INFO: ReadHtmlCache Behavior ::run [ RunTime:0.001741s ]
INFO: [ app_begin ] --END-- [ RunTime:0.001968s ]
ERR: SOAP-ERROR: Parsing WSDL: Couldn't load from 'http://www.glamulet.de/index.php/api/v2_soap/index/?wsdl=1' : Start tag expected, '<' not found


[ 2016-11-15T08:50:54+08:00 ] 127.0.0.1 /V2/glamulet_de
INFO: [ route_check ] --START--
INFO: CheckRoute Behavior ::run [ RunTime:0.001026s ]
INFO: [ route_check ] --END-- [ RunTime:0.001178s ]
INFO: [ app_begin ] --START--
INFO: ReadHtmlCache Behavior ::run [ RunTime:0.001179s ]
INFO: [ app_begin ] --END-- [ RunTime:0.001401s ]
ERR: SOAP-ERROR: Parsing WSDL: Couldn't load from 'http://www.glamulet.de/index.php/api/v2_soap/index/?wsdl=1' : Start tag expected, '<' not found


[ 2016-11-15T08:51:27+08:00 ] 127.0.0.1 /V2/au
INFO: [ route_check ] --START--
INFO: CheckRoute Behavior ::run [ RunTime:0.001612s ]
INFO: [ route_check ] --END-- [ RunTime:0.001821s ]
INFO: [ app_begin ] --START--
INFO: ReadHtmlCache Behavior ::run [ RunTime:0.001040s ]
INFO: [ app_begin ] --END-- [ RunTime:0.001932s ]

[ 2016-11-15T08:53:56+08:00 ] 127.0.0.1 /V2/de
INFO: [ route_check ] --START--
INFO: CheckRoute Behavior ::run [ RunTime:0.001471s ]
INFO: [ route_check ] --END-- [ RunTime:0.001658s ]
INFO: [ app_begin ] --START--
INFO: ReadHtmlCache Behavior ::run [ RunTime:0.001013s ]
INFO: [ app_begin ] --END-- [ RunTime:0.001181s ]
ERR: SOAP-ERROR: Parsing WSDL: Couldn't load from 'http://www.glamulet.de/index.php/api/v2_soap/index/?wsdl=1' : Start tag expected, '<' not found


[ 2016-11-15T08:57:47+08:00 ] 127.0.0.1 /V2/glamulet_de
INFO: [ route_check ] --START--
INFO: CheckRoute Behavior ::run [ RunTime:0.001479s ]
INFO: [ route_check ] --END-- [ RunTime:0.001650s ]
INFO: [ app_begin ] --START--
INFO: ReadHtmlCache Behavior ::run [ RunTime:0.001003s ]
INFO: [ app_begin ] --END-- [ RunTime:0.001210s ]
ERR: SOAP-ERROR: Parsing WSDL: Couldn't load from 'http://www.glamulet.de/index.php/api/v2_soap/index/?wsdl=1' : Start tag expected, '<' not found


[ 2016-11-15T08:57:56+08:00 ] 127.0.0.1 /V2/glamulet
INFO: [ route_check ] --START--
INFO: CheckRoute Behavior ::run [ RunTime:0.001500s ]
INFO: [ route_check ] --END-- [ RunTime:0.001699s ]
INFO: [ app_begin ] --START--
INFO: ReadHtmlCache Behavior ::run [ RunTime:0.001041s ]
INFO: [ app_begin ] --END-- [ RunTime:0.001189s ]

[ 2016-11-15T09:00:12+08:00 ] 127.0.0.1 /V2/glamulet_de
INFO: [ route_check ] --START--
INFO: CheckRoute Behavior ::run [ RunTime:0.001644s ]
INFO: [ route_check ] --END-- [ RunTime:0.001828s ]
INFO: [ app_begin ] --START--
INFO: ReadHtmlCache Behavior ::run [ RunTime:0.001054s ]
INFO: [ app_begin ] --END-- [ RunTime:0.001223s ]
ERR: SOAP-ERROR: Parsing WSDL: Couldn't load from 'http://www.glamulet.de/index.php/api/v2_soap/index/?wsdl=1' : Start tag expected, '<' not found


[ 2016-11-15T10:00:55+08:00 ] 127.0.0.1 /V2/glamulet_de
INFO: [ route_check ] --START--
INFO: CheckRoute Behavior ::run [ RunTime:0.001527s ]
INFO: [ route_check ] --END-- [ RunTime:0.002012s ]
INFO: [ app_begin ] --START--
INFO: ReadHtmlCache Behavior ::run [ RunTime:0.001143s ]
INFO: [ app_begin ] --END-- [ RunTime:0.001298s ]
ERR: SOAP-ERROR: Parsing WSDL: Couldn't load from 'http://www.glamulet.de/index.php/api/v2_soap/index/?wsdl=1' : Start tag expected, '<' not found


[ 2016-11-15T10:03:26+08:00 ] 127.0.0.1 /V2/glamulet_de
INFO: [ route_check ] --START--
INFO: CheckRoute Behavior ::run [ RunTime:0.001431s ]
INFO: [ route_check ] --END-- [ RunTime:0.001612s ]
INFO: [ app_begin ] --START--
INFO: ReadHtmlCache Behavior ::run [ RunTime:0.001487s ]
INFO: [ app_begin ] --END-- [ RunTime:0.001731s ]

