[ 2017-07-20T15:04:56+08:00 ] 127.0.0.1 /Public/login
INFO: [ route_check ] --START--
INFO: CheckRoute Behavior ::run [ RunTime:0.001174s ]
INFO: [ route_check ] --END-- [ RunTime:0.001294s ]
INFO: [ app_begin ] --START--
INFO: ReadHtmlCache Behavior ::run [ RunTime:0.000884s ]
INFO: [ app_begin ] --END-- [ RunTime:0.000983s ]
NOTIC: [8] Undefined index: Cookie C:\wamp\www\thinkphp\Home\Lib\Action\BaseAction.class.php 第 60 行.

[ 2017-07-20T15:04:56+08:00 ] 127.0.0.1 /Public/login
INFO: [ route_check ] --START--
INFO: CheckRoute Behavior ::run [ RunTime:0.001471s ]
INFO: [ route_check ] --END-- [ RunTime:0.001680s ]
INFO: [ app_begin ] --START--
INFO: ReadHtmlCache Behavior ::run [ RunTime:0.000836s ]
INFO: [ app_begin ] --END-- [ RunTime:0.000957s ]
NOTIC: [2] session_start() [<a href='function.session-start'>function.session-start</a>]: open(./Home/Runtime/Session\sess_ik9ubso9lo55564db7rsncbgv0, O_RDWR) failed: No such file or directory (2) C:\wamp\www\thinkphp\Home\Lib\Action\BaseAction.class.php 第 24 行.
NOTIC: [8] session_start() [<a href='function.session-start'>function.session-start</a>]: ps_files_cleanup_dir: opendir(./Home/Runtime/Session) failed: No such file or directory (2) C:\wamp\www\thinkphp\Home\Lib\Action\BaseAction.class.php 第 24 行.

[ 2017-07-20T15:04:56+08:00 ] 127.0.0.1 /Vue
INFO: [ route_check ] --START--
INFO: CheckRoute Behavior ::run [ RunTime:0.001004s ]
INFO: [ route_check ] --END-- [ RunTime:0.001137s ]
INFO: [ app_begin ] --START--
INFO: ReadHtmlCache Behavior ::run [ RunTime:0.000725s ]
INFO: [ app_begin ] --END-- [ RunTime:0.000820s ]
NOTIC: [8] Undefined index: Cookie C:\wamp\www\thinkphp\Home\Lib\Action\BaseAction.class.php 第 60 行.

[ 2017-07-20T15:04:56+08:00 ] 127.0.0.1 /Vue
INFO: [ route_check ] --START--
INFO: CheckRoute Behavior ::run [ RunTime:0.001147s ]
INFO: [ route_check ] --END-- [ RunTime:0.001352s ]
INFO: [ app_begin ] --START--
INFO: ReadHtmlCache Behavior ::run [ RunTime:0.000717s ]
INFO: [ app_begin ] --END-- [ RunTime:0.000812s ]
NOTIC: [2] session_start() [<a href='function.session-start'>function.session-start</a>]: open(./Home/Runtime/Session\sess_ik9ubso9lo55564db7rsncbgv0, O_RDWR) failed: No such file or directory (2) C:\wamp\www\thinkphp\Home\Lib\Action\BaseAction.class.php 第 24 行.
NOTIC: [8] session_start() [<a href='function.session-start'>function.session-start</a>]: ps_files_cleanup_dir: opendir(./Home/Runtime/Session) failed: No such file or directory (2) C:\wamp\www\thinkphp\Home\Lib\Action\BaseAction.class.php 第 24 行.

[ 2017-07-20T15:04:58+08:00 ] 127.0.0.1 /Vue
INFO: [ route_check ] --START--
INFO: CheckRoute Behavior ::run [ RunTime:0.001088s ]
INFO: [ route_check ] --END-- [ RunTime:0.001234s ]
INFO: [ app_begin ] --START--
INFO: ReadHtmlCache Behavior ::run [ RunTime:0.000766s ]
INFO: [ app_begin ] --END-- [ RunTime:0.000870s ]
NOTIC: [8] Undefined index: Cookie C:\wamp\www\thinkphp\Home\Lib\Action\BaseAction.class.php 第 60 行.

[ 2017-07-20T15:04:58+08:00 ] 127.0.0.1 /Vue
INFO: [ route_check ] --START--
INFO: CheckRoute Behavior ::run [ RunTime:0.000981s ]
INFO: [ route_check ] --END-- [ RunTime:0.001105s ]
INFO: [ app_begin ] --START--
INFO: ReadHtmlCache Behavior ::run [ RunTime:0.000782s ]
INFO: [ app_begin ] --END-- [ RunTime:0.000881s ]
NOTIC: [2] session_start() [<a href='function.session-start'>function.session-start</a>]: open(./Home/Runtime/Session\sess_ik9ubso9lo55564db7rsncbgv0, O_RDWR) failed: No such file or directory (2) C:\wamp\www\thinkphp\Home\Lib\Action\BaseAction.class.php 第 24 行.
NOTIC: [8] session_start() [<a href='function.session-start'>function.session-start</a>]: ps_files_cleanup_dir: opendir(./Home/Runtime/Session) failed: No such file or directory (2) C:\wamp\www\thinkphp\Home\Lib\Action\BaseAction.class.php 第 24 行.

[ 2017-07-20T15:05:03+08:00 ] 127.0.0.1 /Public/login
INFO: [ route_check ] --START--
INFO: CheckRoute Behavior ::run [ RunTime:0.000949s ]
INFO: [ route_check ] --END-- [ RunTime:0.001066s ]
INFO: [ app_begin ] --START--
INFO: ReadHtmlCache Behavior ::run [ RunTime:0.000740s ]
INFO: [ app_begin ] --END-- [ RunTime:0.000832s ]
NOTIC: [8] Undefined index: Cookie C:\wamp\www\thinkphp\Home\Lib\Action\BaseAction.class.php 第 60 行.

[ 2017-07-20T15:05:03+08:00 ] 127.0.0.1 /Public/login
INFO: [ route_check ] --START--
INFO: CheckRoute Behavior ::run [ RunTime:0.000795s ]
INFO: [ route_check ] --END-- [ RunTime:0.000913s ]
INFO: [ app_begin ] --START--
INFO: ReadHtmlCache Behavior ::run [ RunTime:0.000653s ]
INFO: [ app_begin ] --END-- [ RunTime:0.000747s ]
NOTIC: [2] session_start() [<a href='function.session-start'>function.session-start</a>]: open(./Home/Runtime/Session\sess_ik9ubso9lo55564db7rsncbgv0, O_RDWR) failed: No such file or directory (2) C:\wamp\www\thinkphp\Home\Lib\Action\BaseAction.class.php 第 24 行.
NOTIC: [8] session_start() [<a href='function.session-start'>function.session-start</a>]: ps_files_cleanup_dir: opendir(./Home/Runtime/Session) failed: No such file or directory (2) C:\wamp\www\thinkphp\Home\Lib\Action\BaseAction.class.php 第 24 行.

[ 2017-07-20T15:05:03+08:00 ] 127.0.0.1 /Vue
INFO: [ route_check ] --START--
INFO: CheckRoute Behavior ::run [ RunTime:0.001271s ]
INFO: [ route_check ] --END-- [ RunTime:0.001458s ]
INFO: [ app_begin ] --START--
INFO: ReadHtmlCache Behavior ::run [ RunTime:0.000946s ]
INFO: [ app_begin ] --END-- [ RunTime:0.001096s ]
NOTIC: [8] Undefined index: Cookie C:\wamp\www\thinkphp\Home\Lib\Action\BaseAction.class.php 第 60 行.

[ 2017-07-20T15:05:03+08:00 ] 127.0.0.1 /Vue
INFO: [ route_check ] --START--
INFO: CheckRoute Behavior ::run [ RunTime:0.000824s ]
INFO: [ route_check ] --END-- [ RunTime:0.000944s ]
INFO: [ app_begin ] --START--
INFO: ReadHtmlCache Behavior ::run [ RunTime:0.000910s ]
INFO: [ app_begin ] --END-- [ RunTime:0.001053s ]
NOTIC: [2] session_start() [<a href='function.session-start'>function.session-start</a>]: open(./Home/Runtime/Session\sess_ik9ubso9lo55564db7rsncbgv0, O_RDWR) failed: No such file or directory (2) C:\wamp\www\thinkphp\Home\Lib\Action\BaseAction.class.php 第 24 行.
NOTIC: [8] session_start() [<a href='function.session-start'>function.session-start</a>]: ps_files_cleanup_dir: opendir(./Home/Runtime/Session) failed: No such file or directory (2) C:\wamp\www\thinkphp\Home\Lib\Action\BaseAction.class.php 第 24 行.

[ 2017-07-20T15:05:30+08:00 ] 127.0.0.1 /Public/login
INFO: [ route_check ] --START--
INFO: CheckRoute Behavior ::run [ RunTime:0.000882s ]
INFO: [ route_check ] --END-- [ RunTime:0.001006s ]
INFO: [ app_begin ] --START--
INFO: ReadHtmlCache Behavior ::run [ RunTime:0.000720s ]
INFO: [ app_begin ] --END-- [ RunTime:0.000819s ]
NOTIC: [8] Undefined index: Cookie C:\wamp\www\thinkphp\Home\Lib\Action\BaseAction.class.php 第 60 行.

[ 2017-07-20T15:05:30+08:00 ] 127.0.0.1 /Public/login
INFO: [ route_check ] --START--
INFO: CheckRoute Behavior ::run [ RunTime:0.000867s ]
INFO: [ route_check ] --END-- [ RunTime:0.000976s ]
INFO: [ app_begin ] --START--
INFO: ReadHtmlCache Behavior ::run [ RunTime:0.000651s ]
INFO: [ app_begin ] --END-- [ RunTime:0.000742s ]

[ 2017-07-20T15:05:30+08:00 ] 127.0.0.1 /Vue
INFO: [ route_check ] --START--
INFO: CheckRoute Behavior ::run [ RunTime:0.000861s ]
INFO: [ route_check ] --END-- [ RunTime:0.000979s ]
INFO: [ app_begin ] --START--
INFO: ReadHtmlCache Behavior ::run [ RunTime:0.000836s ]
INFO: [ app_begin ] --END-- [ RunTime:0.000997s ]
NOTIC: [8] Undefined index: Cookie C:\wamp\www\thinkphp\Home\Lib\Action\BaseAction.class.php 第 60 行.

[ 2017-07-20T15:05:30+08:00 ] 127.0.0.1 /Vue
INFO: [ route_check ] --START--
INFO: CheckRoute Behavior ::run [ RunTime:0.000939s ]
INFO: [ route_check ] --END-- [ RunTime:0.001060s ]
INFO: [ app_begin ] --START--
INFO: ReadHtmlCache Behavior ::run [ RunTime:0.000673s ]
INFO: [ app_begin ] --END-- [ RunTime:0.000770s ]

[ 2017-07-20T15:05:32+08:00 ] 127.0.0.1 /Vue
INFO: [ route_check ] --START--
INFO: CheckRoute Behavior ::run [ RunTime:0.000950s ]
INFO: [ route_check ] --END-- [ RunTime:0.001072s ]
INFO: [ app_begin ] --START--
INFO: ReadHtmlCache Behavior ::run [ RunTime:0.000739s ]
INFO: [ app_begin ] --END-- [ RunTime:0.000844s ]
NOTIC: [8] Undefined index: Cookie C:\wamp\www\thinkphp\Home\Lib\Action\BaseAction.class.php 第 60 行.

[ 2017-07-20T15:05:32+08:00 ] 127.0.0.1 /Vue
INFO: [ route_check ] --START--
INFO: CheckRoute Behavior ::run [ RunTime:0.001115s ]
INFO: [ route_check ] --END-- [ RunTime:0.001270s ]
INFO: [ app_begin ] --START--
INFO: ReadHtmlCache Behavior ::run [ RunTime:0.000968s ]
INFO: [ app_begin ] --END-- [ RunTime:0.001113s ]

[ 2017-07-20T15:05:33+08:00 ] 127.0.0.1 /Vue
INFO: [ route_check ] --START--
INFO: CheckRoute Behavior ::run [ RunTime:0.000910s ]
INFO: [ route_check ] --END-- [ RunTime:0.001042s ]
INFO: [ app_begin ] --START--
INFO: ReadHtmlCache Behavior ::run [ RunTime:0.001189s ]
INFO: [ app_begin ] --END-- [ RunTime:0.001378s ]
NOTIC: [8] Undefined index: Cookie C:\wamp\www\thinkphp\Home\Lib\Action\BaseAction.class.php 第 60 行.

[ 2017-07-20T15:05:33+08:00 ] 127.0.0.1 /Vue
INFO: [ route_check ] --START--
INFO: CheckRoute Behavior ::run [ RunTime:0.001029s ]
INFO: [ route_check ] --END-- [ RunTime:0.001157s ]
INFO: [ app_begin ] --START--
INFO: ReadHtmlCache Behavior ::run [ RunTime:0.001460s ]
INFO: [ app_begin ] --END-- [ RunTime:0.001754s ]

