[ 2017-05-27T08:48:32+08:00 ] 127.0.0.1 /V2/com
INFO: [ route_check ] --START--
INFO: CheckRoute Behavior ::run [ RunTime:0.001865s ]
INFO: [ route_check ] --END-- [ RunTime:0.002052s ]
INFO: [ app_begin ] --START--
INFO: ReadHtmlCache Behavior ::run [ RunTime:0.001548s ]
INFO: [ app_begin ] --END-- [ RunTime:0.001696s ]
ERR: 非法操作:com

[ 2017-05-27T08:49:42+08:00 ] 127.0.0.1 /V2/us
INFO: [ route_check ] --START--
INFO: CheckRoute Behavior ::run [ RunTime:0.000960s ]
INFO: [ route_check ] --END-- [ RunTime:0.001122s ]
INFO: [ app_begin ] --START--
INFO: ReadHtmlCache Behavior ::run [ RunTime:0.000808s ]
INFO: [ app_begin ] --END-- [ RunTime:0.000944s ]
ERR: Access denied.

[ 2017-05-27T08:51:46+08:00 ] 127.0.0.1 /V2/us
INFO: [ route_check ] --START--
INFO: CheckRoute Behavior ::run [ RunTime:0.001093s ]
INFO: [ route_check ] --END-- [ RunTime:0.001254s ]
INFO: [ app_begin ] --START--
INFO: ReadHtmlCache Behavior ::run [ RunTime:0.000824s ]
INFO: [ app_begin ] --END-- [ RunTime:0.000956s ]
ERR: Access denied.

[ 2017-05-27T08:59:59+08:00 ] 127.0.0.1 /V2/us
INFO: [ route_check ] --START--
INFO: CheckRoute Behavior ::run [ RunTime:0.001763s ]
INFO: [ route_check ] --END-- [ RunTime:0.002013s ]
INFO: [ app_begin ] --START--
INFO: ReadHtmlCache Behavior ::run [ RunTime:0.000896s ]
INFO: [ app_begin ] --END-- [ RunTime:0.001101s ]

